PRT1
322
831
4 0 7 (2048 2048 704 ) (2048 2048 1488 ) (2048 2272 1488 ) (2048 2272 704 ) 
4 0 1 (2048 2048 1488 ) (2048 2048 704 ) (2632 2048 704 ) (2632 2048 1488 ) 
4 1 11 (2048 1888 1488 ) (2048 2048 1488 ) (2048 2048 704 ) (2048 1888 704 ) 
4 1 2 (2632 1888 704 ) (2632 1888 1488 ) (2048 1888 1488 ) (2048 1888 704 ) 
4 2 16 (2048 1504 1488 ) (2048 1888 1488 ) (2048 1888 704 ) (2048 1504 704 ) 
4 2 3 (2632 1504 704 ) (2632 1504 1488 ) (2048 1504 1488 ) (2048 1504 704 ) 
4 3 17 (2048 1104 1488 ) (2048 1504 1488 ) (2048 1504 424 ) (2048 1104 424 ) 
4 3 6 (2584 1104 424 ) (2360 1104 424 ) (2360 1232 424 ) (2584 1232 424 ) 
13 3 5 (2584 1232 424 ) (2048 1232 424 ) (2048 1456 424 ) (2360 1456 424 ) (2396 1454 424 ) (2430 1446 424 ) (2462.001953 1432 424 ) (2492 1414 424 ) (2518.001221 1390 424 ) (2542 1364 424 ) (2560 1334 424 ) (2574 1302 424 ) (2582 1268 424 ) 
4 3 4 (2312 1104 424 ) (2632 1104 424 ) (2632 1104 1488 ) (2312 1104 1488 ) 
4 4 171 (2312 1024 424 ) (2360 1024 424 ) (2360 1024 448 ) (2312 1024 448 ) 
4 4 170 (2360 1024 424 ) (2584 1024 424 ) (2584 1024 448 ) (2360 1024 448 ) 
4 4 169 (2584 1024 424 ) (2632 1024 424 ) (2632 1024 448 ) (2584 1024 448 ) 
4 4 168 (2632 1024 448 ) (2632 1024 1488 ) (2312 1024 1488 ) (2312 1024 448 ) 
4 4 6 (2584 1024 424 ) (2360 1024 424 ) (2360 1104 424 ) (2584 1104 424 ) 
4 5 27 (2048 1232 424 ) (2048 1456 424 ) (2048 1456 416 ) (2048 1232 416 ) 
4 5 6 (2360 1232 416 ) (2584 1232 416 ) (2584 1232 424 ) (2360 1232 424 ) 
4 6 170 (2584 1024 424 ) (2360 1024 424 ) (2360 1024 416 ) (2584 1024 416 ) 
4 7 14 (1496 2048 1488 ) (1200 2048 1488 ) (1200 2048 704 ) (1496 2048 704 ) 
4 7 12 (1624 2048 1488 ) (1496 2048 1488 ) (1496 2048 704 ) (1624 2048 704 ) 
4 7 11 (2048 2048 704 ) (2048 2048 1488 ) (1624 2048 1488 ) (1624 2048 704 ) 
4 7 8 (1200 2272 704 ) (1200 2048 704 ) (1200 2048 1488 ) (1200 2272 1488 ) 
4 8 65 (1024 2048 704 ) (1024 2048 1472 ) (1024 2912 1472 ) (1024 2912 704 ) 
4 8 64 (1024 2048 1472 ) (1024 2048 1488 ) (1024 2912 1488 ) (1024 2912 1472 ) 
4 8 15 (1200 2048 1488 ) (1024 2048 1488 ) (1024 2048 704 ) (1200 2048 704 ) 
4 8 10 (1152 2048 704 ) (1024 2048 704 ) (1024 2912 704 ) (1152 2912 704 ) 
4 8 9 (1200 2048 704 ) (1152 2048 704 ) (1152 2912 704 ) (1200 2912 704 ) 
4 9 15 (1200 2048 704 ) (1152 2048 704 ) (1152 2048 424 ) (1200 2048 424 ) 
4 9 10 (1152 2048 424 ) (1152 2048 704 ) (1152 2912 704 ) (1152 2912 424 ) 
4 10 65 (1024 2048 416 ) (1024 2048 704 ) (1024 2912 704 ) (1024 2912 416 ) 
4 10 29 (1024 2048 424 ) (1024 2048 416 ) (1152 2048 416 ) (1152 2048 424 ) 
4 10 15 (1152 2048 704 ) (1024 2048 704 ) (1024 2048 424 ) (1152 2048 424 ) 
4 11 18 (1760 1888 1488 ) (1624 1888 1488 ) (1624 1888 704 ) (1760 1888 704 ) 
4 11 16 (2048 1888 704 ) (2048 1888 1488 ) (1760 1888 1488 ) (1760 1888 704 ) 
4 11 12 (1624 2048 1488 ) (1624 2048 704 ) (1624 1888 704 ) (1624 1888 1488 ) 
4 12 19 (1511 1888 1488 ) (1503 1888 1488 ) (1503 1888 704 ) (1511 1888 704 ) 
4 12 18 (1624 1888 704 ) (1624 1888 1488 ) (1511 1888 1488 ) (1511 1888 704 ) 
4 12 24 (1503 1888 1488 ) (1496 1888 1488 ) (1496 1888 704 ) (1503 1888 704 ) 
4 12 14 (1496 1888 704 ) (1496 1888 1488 ) (1496 2048 1488 ) (1496 2048 704 ) 
4 13 19 (1511 1888 576 ) (1503 1888 576 ) (1503 1888 464 ) (1511 1888 464 ) 
4 13 18 (1624 1888 464 ) (1624 1888 576 ) (1511 1888 576 ) (1511 1888 464 ) 
4 13 24 (1503 1888 576 ) (1496 1888 576 ) (1496 1888 464 ) (1503 1888 464 ) 
4 14 24 (1496 1888 704 ) (1496 1888 1488 ) (1200 1888 1488 ) (1200 1888 704 ) 
4 14 15 (1200 1888 704 ) (1200 1888 1488 ) (1200 2048 1488 ) (1200 2048 704 ) 
4 15 74 (1024 2048 1472 ) (1024 2048 424 ) (1024 1888 424 ) (1024 1888 1472 ) 
4 15 69 (1024 1904 1472 ) (1024 1888 1472 ) (1024 1888 1488 ) (1024 1904 1488 ) 
4 15 68 (1024 1968 1472 ) (1024 1904 1472 ) (1024 1904 1488 ) (1024 1968 1488 ) 
4 15 67 (1024 2048 1488 ) (1024 2048 1472 ) (1024 1968 1472 ) (1024 1968 1488 ) 
4 15 29 (1024 1888 424 ) (1024 2048 424 ) (1152 2048 424 ) (1152 1888 424 ) 
4 15 24 (1024 1888 424 ) (1200 1888 424 ) (1200 1888 1488 ) (1024 1888 1488 ) 
4 16 18 (1760 1504 1488 ) (1760 1888 1488 ) (1760 1888 704 ) (1760 1504 704 ) 
4 16 17 (1760 1504 1488 ) (1760 1504 704 ) (2048 1504 704 ) (2048 1504 1488 ) 
4 17 27 (2048 1456 424 ) (2048 1232 424 ) (1760 1232 424 ) (1760 1456 424 ) 
4 17 18 (1760 1104 424 ) (1760 1104 1488 ) (1760 1504 1488 ) (1760 1504 424 ) 
4 18 27 (1760 1456 424 ) (1760 1232 424 ) (1511 1232 424 ) (1511 1456 424 ) 
4 18 26 (1576 1456 424 ) (1511 1456 424 ) (1511 1556 424 ) (1576 1556 424 ) 
4 18 25 (1648 1556 424 ) (1648 1456 424 ) (1576 1456 424 ) (1576 1556 424 ) 
4 18 21 (1511 1820 544 ) (1511 1820 496 ) (1511 1692 496 ) (1511 1692 544 ) 
4 18 20 (1511 1692 1488 ) (1511 1820 1488 ) (1511 1820 544 ) (1511 1692 544 ) 
4 18 22 (1511 1820 496 ) (1511 1820 424 ) (1511 1692 424 ) (1511 1692 496 ) 
4 18 19 (1511 1820 1488 ) (1511 1888 1488 ) (1511 1888 424 ) (1511 1820 424 ) 
4 18 23 (1511 1104 424 ) (1511 1104 1488 ) (1511 1692 1488 ) (1511 1692 424 ) 
4 19 21 (1503 1820 544 ) (1503 1820 496 ) (1511 1820 496 ) (1511 1820 544 ) 
4 19 20 (1503 1820 1488 ) (1503 1820 544 ) (1511 1820 544 ) (1511 1820 1488 ) 
4 19 22 (1503 1820 496 ) (1503 1820 424 ) (1511 1820 424 ) (1511 1820 496 ) 
4 19 24 (1503 1820 1488 ) (1503 1888 1488 ) (1503 1888 424 ) (1503 1820 424 ) 
4 20 23 (1503 1692 1488 ) (1503 1692 544 ) (1511 1692 544 ) (1511 1692 1488 ) 
4 20 24 (1503 1692 1488 ) (1503 1820 1488 ) (1503 1820 544 ) (1503 1692 544 ) 
4 20 21 (1511 1692 544 ) (1503 1692 544 ) (1503 1820 544 ) (1511 1820 544 ) 
4 21 22 (1511 1692 496 ) (1503 1692 496 ) (1503 1820 496 ) (1511 1820 496 ) 
4 21 23 (1503 1692 544 ) (1503 1692 496 ) (1511 1692 496 ) (1511 1692 544 ) 
4 21 24 (1503 1820 544 ) (1503 1820 496 ) (1503 1692 496 ) (1503 1692 544 ) 
4 22 24 (1503 1820 496 ) (1503 1820 424 ) (1503 1692 424 ) (1503 1692 496 ) 
4 22 23 (1503 1692 496 ) (1503 1692 424 ) (1511 1692 424 ) (1511 1692 496 ) 
4 23 27 (1511 1456 424 ) (1511 1232 424 ) (1503 1232 424 ) (1503 1456 424 ) 
4 23 26 (1511 1556 424 ) (1511 1456 424 ) (1503 1456 424 ) (1503 1556 424 ) 
4 23 24 (1503 1104 424 ) (1503 1104 1488 ) (1503 1692 1488 ) (1503 1692 424 ) 
4 24 74 (1024 1888 1472 ) (1024 1888 424 ) (1024 1104 424 ) (1024 1104 1472 ) 
4 24 71 (1024 1104 1488 ) (1024 1392 1488 ) (1024 1392 1472 ) (1024 1104 1472 ) 
4 24 69 (1024 1392 1488 ) (1024 1888 1488 ) (1024 1888 1472 ) (1024 1392 1472 ) 
7 24 29 (1024 1271.599976 424 ) (1024 1888 424 ) (1152 1888 424 ) (1152 1231.995239 424 ) (1116.026001 1233.993896 424 ) (1082 1242 424 ) (1050 1256 424 ) 
4 24 28 (1200 1456 424 ) (1200 1232 424 ) (1152 1232 424 ) (1152 1456 424 ) 
4 24 27 (1503 1456 424 ) (1503 1232 424 ) (1200 1232 424 ) (1200 1456 424 ) 
4 24 26 (1503 1556 424 ) (1503 1456 424 ) (1472 1456 424 ) (1472 1556 424 ) 
4 25 27 (1648 1456 416 ) (1648 1456 424 ) (1576 1456 424 ) (1576 1456 416 ) 
3 25 26 (1576 1456 416 ) (1576 1456 424 ) (1576 1556 424 ) 
4 26 27 (1576 1456 416 ) (1576 1456 424 ) (1472 1456 424 ) (1472 1456 416 ) 
4 27 28 (1200 1232 416 ) (1200 1232 424 ) (1200 1456 424 ) (1200 1456 416 ) 
4 28 29 (1152 1456 416 ) (1152 1232 416 ) (1152 1232 424 ) (1152 1456 424 ) 
4 29 77 (1024 1271.599976 424 ) (1024 2048 424 ) (1024 2048 416 ) (1024 1271.599854 416 ) 
4 30 38 (1584 1896 360 ) (1732 1896 360 ) (1732 1736 360 ) (1584 1736 360 ) 
4 30 31 (1584 1867 360 ) (1584 1765 360 ) (1584 1765 364 ) (1584 1867 364 ) 
4 31 39 (1576 1765 360 ) (1576 1867 360 ) (1584 1867 360 ) (1584 1765 360 ) 
4 31 32 (1576 1867 360 ) (1576 1765 360 ) (1576 1765 364 ) (1576 1867 364 ) 
4 32 40 (1352 1952 360 ) (1576 1952 360 ) (1576 1736 360 ) (1352 1736 360 ) 
4 32 33 (1352 1736 360 ) (1576 1736 360 ) (1576 1736 382 ) (1352 1736 382 ) 
4 33 42 (1576 1684 360 ) (1576 1504 360 ) (1060 1504 360 ) (1060 1684 360 ) 
4 33 41 (1060 1736 360 ) (1576 1736 360 ) (1576 1684 360 ) (1060 1684 360 ) 
4 33 37 (1472 1504 360 ) (1576 1504 360 ) (1576 1504 382 ) (1472 1504 382 ) 
4 33 34 (1060 1736 382 ) (1060 1736 360 ) (1060 1684 360 ) (1060 1684 382 ) 
4 33 35 (1060 1652 360 ) (1060 1504 360 ) (1060 1504 382 ) (1060 1652 382 ) 
4 34 41 (1027 1736 360 ) (1060 1736 360 ) (1060 1684 360 ) (1027 1684 360 ) 
4 34 36 (1027 1736 382 ) (1027 1736 360 ) (1027 1684 360 ) (1027 1684 382 ) 
4 35 43 (1060 1652 360 ) (1060 1504 360 ) (1027 1504 360 ) (1027 1652 360 ) 
4 35 36 (1027 1652 360 ) (1027 1504 360 ) (1027 1504 382 ) (1027 1652 382 ) 
4 36 125 (1024 1560 360 ) (1024 1504 360 ) (1024 1504 382 ) (1024 1560 382 ) 
4 36 123 (1024 1608 360 ) (1024 1560 360 ) (1024 1560 382 ) (1024 1608 382 ) 
4 36 120 (1024 1736 360 ) (1024 1608 360 ) (1024 1608 382 ) (1024 1736 382 ) 
4 36 44 (1024 1652 360 ) (1024 1684 360 ) (1027 1684 360 ) (1027 1652 360 ) 
4 36 45 (1024 1504 360 ) (1024 1652 360 ) (1027 1652 360 ) (1027 1504 360 ) 
4 36 41 (1024 1684 360 ) (1024 1736 360 ) (1027 1736 360 ) (1027 1684 360 ) 
4 37 182 (1472 1024 360 ) (1576 1024 360 ) (1576 1024 382 ) (1472 1024 382 ) 
4 37 48 (1576 1024 360 ) (1472 1024 360 ) (1472 1504 360 ) (1576 1504 360 ) 
4 38 61 (1732 1736 248 ) (1584 1736 248 ) (1584 1896 248 ) (1732 1896 248 ) 
4 38 39 (1584 1867 248 ) (1584 1765 248 ) (1584 1765 360 ) (1584 1867 360 ) 
4 39 40 (1576 1867 248 ) (1576 1765 248 ) (1576 1765 360 ) (1576 1867 360 ) 
4 40 41 (1352 1736 248 ) (1576 1736 248 ) (1576 1736 360 ) (1352 1736 360 ) 
4 41 129 (1024 1736 273 ) (1024 1736 248 ) (1024 1684 248 ) (1024 1684 273 ) 
4 41 126 (1024 1684 360 ) (1024 1736 360 ) (1024 1736 273 ) (1024 1684 273 ) 
4 41 46 (1024 1684 248 ) (1027 1684 248 ) (1027 1684 273 ) (1024 1684 273 ) 
4 41 44 (1027 1684 280 ) (1027 1684 360 ) (1024 1684 360 ) (1024 1684 280 ) 
4 41 42 (1060 1684 248 ) (1576 1684 248 ) (1576 1684 360 ) (1060 1684 360 ) 
4 42 52 (1140 1504 248 ) (1196 1504 248 ) (1196 1504 356 ) (1140 1504 356 ) 
4 42 48 (1472 1504 248 ) (1576 1504 248 ) (1576 1504 360 ) (1472 1504 360 ) 
4 42 43 (1060 1652 248 ) (1060 1504 248 ) (1060 1504 360 ) (1060 1652 360 ) 
4 43 47 (1027 1652 248 ) (1027 1504 248 ) (1027 1504 273 ) (1027 1652 273 ) 
4 43 45 (1027 1504 273 ) (1027 1504 360 ) (1027 1652 360 ) (1027 1652 273 ) 
4 44 127 (1024 1652 360 ) (1024 1684 360 ) (1024 1684 280 ) (1024 1652 280 ) 
4 44 45 (1027 1652 280 ) (1027 1652 360 ) (1024 1652 360 ) (1024 1652 280 ) 
4 45 128 (1024 1504 360 ) (1024 1652 360 ) (1024 1652 273 ) (1024 1504 273 ) 
4 45 47 (1027 1652 273 ) (1027 1504 273 ) (1024 1504 273 ) (1024 1652 273 ) 
4 46 129 (1024 1684 273 ) (1024 1684 248 ) (1024 1672 248 ) (1024 1672 273 ) 
4 47 130 (1024 1660 248 ) (1024 1504 248 ) (1024 1504 273 ) (1024 1660 273 ) 
4 48 185 (1576 1024 360 ) (1472 1024 360 ) (1472 1024 248 ) (1576 1024 248 ) 
4 49 50 (1420 1124 248 ) (1420 1028 248 ) (1420 1028 360 ) (1420 1124 360 ) 
4 50 57 (1360 1152 248 ) (1360 1072 248 ) (1360 1072 360 ) (1360 1152 360 ) 
4 50 51 (1364 1028 248 ) (1420 1028 248 ) (1420 1028 356 ) (1364 1028 356 ) 
4 51 185 (1364 1024 356 ) (1364 1024 248 ) (1420 1024 248 ) (1420 1024 356 ) 
4 52 54 (1140 1500 248 ) (1196 1500 248 ) (1196 1500 356 ) (1140 1500 356 ) 
4 53 55 (1224 1392 248 ) (1360 1392 248 ) (1360 1392 360 ) (1224 1392 360 ) 
4 53 54 (1200 1456 248 ) (1200 1392 248 ) (1200 1392 360 ) (1200 1456 360 ) 
4 55 58 (1248 1210 328 ) (1248 1210 360 ) (1224 1210 360 ) (1224 1210 328 ) 
4 55 57 (1248 1210 248 ) (1360 1210 248 ) (1360 1210 360 ) (1248 1210 360 ) 
4 55 56 (1224 1336 248 ) (1224 1210 248 ) (1224 1210 360 ) (1224 1336 360 ) 
4 56 60 (1184 1336 248 ) (1184 1210 248 ) (1184 1210 360 ) (1184 1336 360 ) 
4 56 58 (1184 1210 360 ) (1184 1210 328 ) (1224 1210 328 ) (1224 1210 360 ) 
4 57 58 (1248 1210 360 ) (1248 1210 328 ) (1248 1206 328 ) (1248 1206 360 ) 
4 57 59 (1248 1206 248 ) (1248 1072 248 ) (1248 1072 360 ) (1248 1206 360 ) 
4 58 60 (1184 1206 328 ) (1184 1206 360 ) (1184 1210 360 ) (1184 1210 328 ) 
4 58 59 (1184 1206 360 ) (1184 1206 328 ) (1248 1206 328 ) (1248 1206 360 ) 
4 59 60 (1184 1206 248 ) (1184 1072 248 ) (1184 1072 360 ) (1184 1206 360 ) 
4 61 62 (1584 1867 -264 ) (1584 1765 -264 ) (1584 1765 -148 ) (1584 1867 -148 ) 
4 62 63 (1576 1867 -148 ) (1576 1867 -264 ) (1576 1765 -264 ) (1576 1765 -148 ) 
4 64 67 (1024 2048 1472 ) (1024 2048 1488 ) (912 2048 1488 ) (912 2048 1472 ) 
4 64 66 (912 2912 1472 ) (928 2912 1472 ) (928 2048 1472 ) (912 2048 1472 ) 
4 64 65 (928 2912 1472 ) (1024 2912 1472 ) (1024 2048 1472 ) (928 2048 1472 ) 
4 65 77 (1024 2048 416 ) (1024 2048 424 ) (928 2048 424 ) (928 2048 416 ) 
4 65 74 (1024 2048 424 ) (1024 2048 1472 ) (928 2048 1472 ) (928 2048 424 ) 
4 65 66 (928 2048 424 ) (928 2048 1472 ) (928 2912 1472 ) (928 2912 424 ) 
4 66 74 (928 2048 424 ) (928 2048 1472 ) (864 2048 1472 ) (864 2048 424 ) 
4 67 74 (912 2048 1472 ) (1024 2048 1472 ) (1024 1968 1472 ) (912 1968 1472 ) 
4 67 68 (912 1968 1472 ) (1024 1968 1472 ) (1024 1968 1488 ) (912 1968 1488 ) 
4 68 111 (528 1968 1472 ) (624 1968 1472 ) (624 1904 1472 ) (528 1904 1472 ) 
4 68 102 (624 1968 1472 ) (640 1968 1472 ) (640 1904 1472 ) (624 1904 1472 ) 
4 68 78 (640 1968 1472 ) (848 1968 1472 ) (848 1904 1472 ) (640 1904 1472 ) 
4 68 75 (848 1968 1472 ) (864 1968 1472 ) (864 1904 1472 ) (848 1904 1472 ) 
4 68 74 (864 1968 1472 ) (1024 1968 1472 ) (1024 1904 1472 ) (864 1904 1472 ) 
4 68 69 (896 1904 1472 ) (1024 1904 1472 ) (1024 1904 1488 ) (896 1904 1488 ) 
4 68 70 (528 1904 1488 ) (528 1904 1472 ) (592 1904 1472 ) (592 1904 1488 ) 
4 69 74 (1024 1904 1472 ) (1024 1392 1472 ) (896 1392 1472 ) (896 1904 1472 ) 
4 69 72 (896 1392 1472 ) (912 1392 1472 ) (912 1392 1488 ) (896 1392 1488 ) 
4 69 71 (912 1392 1472 ) (1024 1392 1472 ) (1024 1392 1488 ) (912 1392 1488 ) 
4 70 113 (592 1392 1472 ) (528 1392 1472 ) (528 1424 1472 ) (592 1424 1472 ) 
4 70 111 (528 1424 1472 ) (528 1904 1472 ) (592 1904 1472 ) (592 1424 1472 ) 
4 70 73 (528 1392 1472 ) (592 1392 1472 ) (592 1392 1488 ) (528 1392 1488 ) 
4 71 74 (912 1392 1472 ) (1024 1392 1472 ) (1024 1104 1472 ) (912 1104 1472 ) 
4 71 72 (912 1392 1488 ) (912 1392 1472 ) (912 1296 1472 ) (912 1296 1488 ) 
4 72 74 (864 1296 1472 ) (864 1392 1472 ) (912 1392 1472 ) (912 1296 1472 ) 
4 72 73 (864 1392 1488 ) (864 1392 1472 ) (864 1296 1472 ) (864 1296 1488 ) 
4 73 113 (288 1392 1472 ) (624 1392 1472 ) (624 1296 1472 ) (288 1296 1472 ) 
4 73 104 (624 1392 1472 ) (640 1392 1472 ) (640 1296 1472 ) (624 1296 1472 ) 
4 73 94 (719 1301 1472 ) (719 1302 1472 ) (817 1302 1472 ) (817 1301 1472 ) 
4 73 96 (817 1296 1472 ) (719 1296 1472 ) (719 1301 1472 ) (817 1301 1472 ) 
4 73 93 (848 1302 1472 ) (848 1296 1472 ) (817 1296 1472 ) (817 1302 1472 ) 
4 73 97 (719 1296 1472 ) (640 1296 1472 ) (640 1302 1472 ) (719 1302 1472 ) 
4 73 91 (720 1302 1472 ) (719 1302 1472 ) (719 1382 1472 ) (720 1382 1472 ) 
4 73 90 (816 1302 1472 ) (720 1302 1472 ) (720 1382 1472 ) (816 1382 1472 ) 
4 73 92 (719 1302 1472 ) (640 1302 1472 ) (640 1382 1472 ) (719 1382 1472 ) 
4 73 89 (817 1302 1472 ) (816 1302 1472 ) (816 1382 1472 ) (817 1382 1472 ) 
4 73 88 (848 1382 1472 ) (848 1302 1472 ) (817 1302 1472 ) (817 1382 1472 ) 
4 73 85 (817 1383 1472 ) (817 1382 1472 ) (719 1382 1472 ) (719 1383 1472 ) 
4 73 84 (719 1392 1472 ) (817 1392 1472 ) (817 1383 1472 ) (719 1383 1472 ) 
4 73 83 (817 1392 1472 ) (848 1392 1472 ) (848 1382 1472 ) (817 1382 1472 ) 
4 73 87 (640 1392 1472 ) (719 1392 1472 ) (719 1382 1472 ) (640 1382 1472 ) 
4 73 76 (848 1392 1472 ) (864 1392 1472 ) (864 1296 1472 ) (848 1296 1472 ) 
10 74 77 (928 2048 424 ) (1024 2048 424 ) (1024 1271.600098 424 ) (1020 1274 424 ) (994 1298 424 ) (970 1324 424 ) (952 1354 424 ) (938 1386 424 ) (930 1420 424 ) (928 1456 424 ) 
4 74 76 (864 1264 1472 ) (864 1424 1472 ) (864 1424 621.862976 ) (864 1264 621.862976 ) 
4 74 75 (864 2000 424 ) (864 1872 424 ) (864 1872 1472 ) (864 2000 1472 ) 
4 75 78 (848 1872 1472 ) (848 2000 1472 ) (848 2000 424 ) (848 1872 424 ) 
4 76 93 (848 1264 1472 ) (848 1302 1472 ) (848 1302 621.862976 ) (848 1264 621.862976 ) 
4 76 88 (848 1302 1472 ) (848 1382 1472 ) (848 1382 621.862976 ) (848 1302 621.862976 ) 
4 76 83 (848 1382 1472 ) (848 1424 1472 ) (848 1424 621.862976 ) (848 1382 621.862976 ) 
4 78 102 (640 1872 424 ) (640 1872 1472 ) (640 2000 1472 ) (640 2000 424 ) 
4 79 103 (640 1784 457 ) (640 1784 532 ) (640 1832 532 ) (640 1832 457 ) 
4 79 81 (656 1784 457 ) (640 1784 457 ) (640 1832 457 ) (656 1832 457 ) 
4 79 80 (776 1784 457 ) (656 1784 457 ) (656 1832 457 ) (776 1832 457 ) 
4 80 119 (672 1832 408 ) (688 1832 408 ) (688 1784 408 ) (672 1784 408 ) 
4 80 118 (688 1832 408 ) (704 1832 408 ) (704 1784 408 ) (688 1784 408 ) 
4 80 117 (704 1832 408 ) (720 1832 408 ) (720 1784 408 ) (704 1784 408 ) 
4 80 116 (720 1832 408 ) (736 1832 408 ) (736 1784 408 ) (720 1784 408 ) 
4 80 115 (736 1832 408 ) (752 1832 408 ) (752 1784 408 ) (736 1784 408 ) 
4 80 114 (752 1832 408 ) (832 1832 408 ) (832 1784 408 ) (752 1784 408 ) 
4 80 82 (784 1784 408 ) (832 1784 408 ) (832 1784 457 ) (784 1784 457 ) 
4 80 81 (656 1784 416 ) (656 1784 457 ) (656 1832 457 ) (656 1832 416 ) 
4 81 103 (640 1784 424 ) (640 1784 457 ) (640 1832 457 ) (640 1832 424 ) 
4 82 122 (784 1666.239990 408 ) (784 1784 408 ) (832 1784 408 ) (832 1666.239868 408 ) 
4 83 88 (817 1382 621.862976 ) (848 1382 621.862976 ) (848 1382 1472 ) (817 1382 1472 ) 
4 83 86 (817 1382 627.864990 ) (817 1382 641 ) (817 1383 641 ) (817 1383 627.864990 ) 
4 83 85 (817 1382 641 ) (817 1382 1472 ) (817 1383 1472 ) (817 1383 641 ) 
4 83 84 (817 1424 1472 ) (817 1424 621.862976 ) (817 1383 621.862976 ) (817 1383 1472 ) 
3 84 86 (817 1383 627.864990 ) (817 1383 641 ) (720 1383 641 ) 
4 84 85 (719 1383 1472 ) (719 1383 641 ) (817 1383 641 ) (817 1383 1472 ) 
4 84 87 (719 1424 1472 ) (719 1424 621.862976 ) (719 1383 621.862976 ) (719 1383 1472 ) 
4 85 91 (720 1382 1472 ) (719 1382 1472 ) (719 1382 641 ) (720 1382 641 ) 
4 85 90 (816 1382 1472 ) (720 1382 1472 ) (720 1382 641 ) (816 1382 641 ) 
4 85 89 (817 1382 641 ) (817 1382 1472 ) (816 1382 1472 ) (816 1382 641 ) 
4 85 86 (720 1383 641 ) (817 1383 641 ) (817 1382 641 ) (720 1382 641 ) 
4 85 87 (719 1382 641 ) (719 1382 1472 ) (719 1383 1472 ) (719 1383 641 ) 
3 86 90 (816 1382 641 ) (720 1382 641 ) (816 1382 628 ) 
4 86 89 (817 1382 627.864990 ) (817 1382 641 ) (816 1382 641 ) (816 1382 628 ) 
4 87 104 (640 1382 1472 ) (640 1424 1472 ) (640 1424 621.862976 ) (640 1382 621.862976 ) 
4 87 92 (640 1382 1472 ) (640 1382 621.862976 ) (719 1382 621.862976 ) (719 1382 1472 ) 
4 88 93 (817 1302 621.862976 ) (848 1302 621.862976 ) (848 1302 1472 ) (817 1302 1472 ) 
4 88 89 (817 1382 1472 ) (817 1382 628 ) (817 1302 628 ) (817 1302 1472 ) 
4 89 95 (817 1302 628 ) (817 1302 641 ) (816 1302 641 ) (816 1302 628 ) 
4 89 94 (817 1302 641 ) (817 1302 1472 ) (816 1302 1472 ) (816 1302 641 ) 
4 89 90 (816 1382 1472 ) (816 1382 628 ) (816 1302 628 ) (816 1302 1472 ) 
4 90 98 (720 1382 621.862976 ) (816 1382 621.862976 ) (816 1302 621.862976 ) (720 1302 621.862976 ) 
3 90 95 (816 1302 628 ) (816 1302 641 ) (720 1302 641 ) 
4 90 94 (816 1302 641 ) (816 1302 1472 ) (720 1302 1472 ) (720 1302 641 ) 
4 90 91 (720 1382 1472 ) (720 1382 641 ) (720 1302 641 ) (720 1302 1472 ) 
4 91 94 (720 1302 641 ) (720 1302 1472 ) (719 1302 1472 ) (719 1302 641 ) 
4 91 92 (719 1382 1472 ) (719 1382 641 ) (719 1302 641 ) (719 1302 1472 ) 
4 92 104 (640 1302 1472 ) (640 1382 1472 ) (640 1382 621.862976 ) (640 1302 621.862976 ) 
4 92 97 (640 1302 1472 ) (640 1302 621.862976 ) (719 1302 621.862976 ) (719 1302 1472 ) 
4 93 95 (817 1302 641 ) (817 1302 627.864990 ) (817 1301 627.864990 ) (817 1301 641 ) 
4 93 94 (817 1302 1472 ) (817 1302 641 ) (817 1301 641 ) (817 1301 1472 ) 
4 93 96 (817 1301 621.862976 ) (817 1264 621.862976 ) (817 1264 1472 ) (817 1301 1472 ) 
4 94 95 (817 1301 641 ) (720 1301 641 ) (720 1302 641 ) (817 1302 641 ) 
4 94 96 (719 1301 1472 ) (719 1301 641 ) (817 1301 641 ) (817 1301 1472 ) 
4 94 97 (719 1302 1472 ) (719 1302 641 ) (719 1301 641 ) (719 1301 1472 ) 
3 95 96 (817 1301 627.864990 ) (817 1301 641 ) (720 1301 641 ) 
4 96 97 (719 1301 621.862976 ) (719 1264 621.862976 ) (719 1264 1472 ) (719 1301 1472 ) 
4 97 104 (640 1264 1472 ) (640 1302 1472 ) (640 1302 621.862976 ) (640 1264 621.862976 ) 
4 98 99 (720 1302 616 ) (720 1382 616 ) (816 1382 616 ) (816 1302 616 ) 
4 99 100 (720 1264 424 ) (720 1264 616 ) (720 1424 616 ) (720 1424 424 ) 
4 100 101 (644 1267 616 ) (644 1424 616 ) (644 1424 424 ) (644 1267 424 ) 
4 101 105 (640 1267 424 ) (640 1267 616 ) (640 1424 616 ) (640 1424 424 ) 
4 102 111 (624 1872 424 ) (624 1872 1472 ) (624 2000 1472 ) (624 2000 424 ) 
4 103 111 (624 1784 424 ) (624 1784 532 ) (624 1832 532 ) (624 1832 424 ) 
4 104 113 (624 1264 621.862976 ) (624 1264 1472 ) (624 1424 1472 ) (624 1424 621.862976 ) 
4 104 109 (634 1264 621.862976 ) (624 1264 621.862976 ) (624 1424 621.862976 ) (634 1424 621.862976 ) 
4 104 106 (634 1423 621.862976 ) (634 1424 621.862976 ) (638 1424 621.862976 ) (638 1423 621.862976 ) 
4 104 107 (634 1267 621.862976 ) (634 1268 621.862976 ) (638 1268 621.862976 ) (638 1267 621.862976 ) 
4 105 108 (638 1424 564 ) (638 1424 424 ) (638 1267 424 ) (638 1267 564 ) 
4 105 106 (638 1423 616 ) (638 1424 616 ) (638 1424 564 ) (638 1423 564 ) 
4 105 107 (638 1267 616 ) (638 1268 616 ) (638 1268 564 ) (638 1267 564 ) 
4 106 109 (634 1423 621.862976 ) (634 1424 621.862976 ) (634 1424 564 ) (634 1423 564 ) 
4 106 108 (634 1423 564 ) (634 1424 564 ) (638 1424 564 ) (638 1423 564 ) 
4 107 109 (634 1267 621.862976 ) (634 1268 621.862976 ) (634 1268 564 ) (634 1267 564 ) 
4 107 108 (638 1267 564 ) (634 1267 564 ) (634 1268 564 ) (638 1268 564 ) 
4 108 109 (634 1424 564 ) (634 1424 424 ) (634 1267 424 ) (634 1267 564 ) 
4 109 113 (624 1264 424 ) (624 1264 621.862976 ) (624 1424 621.862976 ) (624 1424 424 ) 
4 110 111 (536 2000 424 ) (584 2000 424 ) (584 2000 532 ) (536 2000 532 ) 
4 111 113 (496 1424 424 ) (624 1424 424 ) (624 1424 1472 ) (496 1424 1472 ) 
4 112 113 (404 1424 424 ) (452 1424 424 ) (452 1424 532 ) (404 1424 532 ) 
4 114 163 (784 1784 360 ) (768 1784 360 ) (768 1832 360 ) (784 1832 360 ) 
4 114 149 (832 1784 360 ) (784 1784 360 ) (784 1832 360 ) (832 1832 360 ) 
4 114 122 (784 1784 360 ) (832 1784 360 ) (832 1784 408 ) (784 1784 408 ) 
4 114 115 (752 1832 408 ) (752 1832 368 ) (752 1784 368 ) (752 1784 408 ) 
4 115 116 (736 1832 408 ) (736 1832 376 ) (736 1784 376 ) (736 1784 408 ) 
4 116 117 (720 1832 408 ) (720 1832 384 ) (720 1784 384 ) (720 1784 408 ) 
4 117 118 (704 1832 408 ) (704 1832 392 ) (704 1784 392 ) (704 1784 408 ) 
4 118 119 (688 1832 408 ) (688 1832 400 ) (688 1784 400 ) (688 1784 408 ) 
4 120 127 (1024 1684 360 ) (1024 1652 360 ) (923 1652 360 ) (923 1684 360 ) 
4 120 126 (1024 1736 360 ) (1024 1684 360 ) (923 1684 360 ) (923 1736 360 ) 
4 120 128 (1024 1652 360 ) (1024 1608 360 ) (923 1608 360 ) (923 1652 360 ) 
4 120 123 (923 1608 360 ) (1024 1608 360 ) (1024 1608 382 ) (923 1608 382 ) 
4 120 121 (923 1660 360 ) (923 1608 360 ) (923 1608 382 ) (923 1660 382 ) 
4 121 131 (923 1608 360 ) (844 1608 360 ) (844 1660 360 ) (923 1660 360 ) 
4 121 123 (844 1608 360 ) (923 1608 360 ) (923 1608 382 ) (844 1608 382 ) 
4 122 160 (832 1608 360 ) (784 1608 360 ) (784 1624 360 ) (832 1624 360 ) 
4 122 159 (784 1624 360 ) (784 1640 360 ) (832 1640 360 ) (832 1624 360 ) 
4 122 158 (784 1640 360 ) (784 1656 360 ) (832 1656 360 ) (832 1640 360 ) 
4 122 157 (784 1656 360 ) (784 1672 360 ) (832 1672 360 ) (832 1656 360 ) 
4 122 156 (784 1672 360 ) (784 1688 360 ) (832 1688 360 ) (832 1672 360 ) 
4 122 155 (784 1688 360 ) (784 1704 360 ) (832 1704 360 ) (832 1688 360 ) 
4 122 154 (784 1704 360 ) (784 1720 360 ) (832 1720 360 ) (832 1704 360 ) 
4 122 153 (784 1720 360 ) (784 1736 360 ) (832 1736 360 ) (832 1720 360 ) 
4 122 152 (784 1736 360 ) (784 1752 360 ) (832 1752 360 ) (832 1736 360 ) 
4 122 151 (784 1752 360 ) (784 1768 360 ) (832 1768 360 ) (832 1752 360 ) 
4 122 150 (784 1768 360 ) (784 1784 360 ) (832 1784 360 ) (832 1768 360 ) 
4 122 124 (784 1608 360 ) (832 1608 360 ) (832 1608 382 ) (784 1608 382 ) 
4 123 131 (923 1560 360 ) (844 1560 360 ) (844 1608 360 ) (923 1608 360 ) 
4 123 128 (1024 1608 360 ) (1024 1560 360 ) (923 1560 360 ) (923 1608 360 ) 
4 123 125 (844 1560 360 ) (1024 1560 360 ) (1024 1560 382 ) (844 1560 382 ) 
4 124 161 (832 1560 360 ) (784 1560 360 ) (784 1608 360 ) (832 1608 360 ) 
4 124 135 (840 1560 360 ) (832 1560 360 ) (832 1564 360 ) (840 1564 360 ) 
4 124 134 (832 1564 360 ) (832 1604 360 ) (840 1604 360 ) (840 1564 360 ) 
4 124 132 (832 1604 360 ) (832 1608 360 ) (840 1608 360 ) (840 1604 360 ) 
4 125 131 (923 1504 360 ) (844 1504 360 ) (844 1560 360 ) (923 1560 360 ) 
4 125 128 (1024 1560 360 ) (1024 1504 360 ) (923 1504 360 ) (923 1560 360 ) 
4 126 129 (923 1684 273 ) (923 1736 273 ) (1024 1736 273 ) (1024 1684 273 ) 
4 126 127 (923 1684 360 ) (923 1684 280 ) (1024 1684 280 ) (1024 1684 360 ) 
4 127 131 (923 1652 360 ) (923 1660 360 ) (923 1660 280 ) (923 1652 280 ) 
4 127 128 (923 1652 360 ) (923 1652 280 ) (1024 1652 280 ) (1024 1652 360 ) 
4 128 138 (923 1504 356 ) (923 1504 273 ) (972 1504 273 ) (972 1504 356 ) 
4 128 131 (923 1504 273 ) (923 1504 360 ) (923 1652 360 ) (923 1652 273 ) 
4 128 130 (1024 1504 273 ) (923 1504 273 ) (923 1652 273 ) (1024 1652 273 ) 
4 130 138 (923 1504 248 ) (972 1504 248 ) (972 1504 273 ) (923 1504 273 ) 
4 130 131 (923 1660 248 ) (923 1504 248 ) (923 1504 273 ) (923 1660 273 ) 
4 131 138 (916 1504 248 ) (923 1504 248 ) (923 1504 356 ) (916 1504 356 ) 
4 131 133 (844 1604 248 ) (844 1564 248 ) (844 1564 356 ) (844 1604 356 ) 
4 132 161 (832 1608 248 ) (832 1604 248 ) (832 1604 360 ) (832 1608 360 ) 
4 132 134 (832 1604 360 ) (832 1604 248 ) (840 1604 248 ) (840 1604 360 ) 
4 133 134 (840 1604 356 ) (840 1604 248 ) (840 1564 248 ) (840 1564 356 ) 
4 134 161 (832 1604 248 ) (832 1564 248 ) (832 1564 360 ) (832 1604 360 ) 
4 134 135 (832 1564 360 ) (832 1564 248 ) (840 1564 248 ) (840 1564 360 ) 
4 135 161 (832 1564 248 ) (832 1560 248 ) (832 1560 360 ) (832 1564 360 ) 
4 136 141 (972 1456 248 ) (972 1420 248 ) (972 1420 360 ) (972 1456 360 ) 
4 136 139 (972 1500 248 ) (972 1456 248 ) (972 1456 360 ) (972 1500 360 ) 
4 137 142 (972 1336 248 ) (972 1072 248 ) (972 1072 360 ) (972 1336 360 ) 
4 138 139 (916 1500 356 ) (916 1500 248 ) (972 1500 248 ) (972 1500 356 ) 
4 139 143 (916 1456 248 ) (928 1456 248 ) (928 1456 360 ) (916 1456 360 ) 
4 139 141 (928 1456 248 ) (972 1456 248 ) (972 1456 360 ) (928 1456 360 ) 
4 139 140 (916 1500 248 ) (916 1456 248 ) (916 1456 360 ) (916 1500 360 ) 
4 140 143 (912 1456 248 ) (916 1456 248 ) (916 1456 360 ) (912 1456 360 ) 
4 141 143 (928 1456 360 ) (928 1456 248 ) (928 1392 248 ) (928 1392 360 ) 
4 142 148 (928 1206 248 ) (928 1072 248 ) (928 1072 360 ) (928 1206 360 ) 
4 142 146 (928 1206 328 ) (928 1206 360 ) (928 1210 360 ) (928 1210 328 ) 
4 142 145 (928 1336 248 ) (928 1210 248 ) (928 1210 360 ) (928 1336 360 ) 
4 143 162 (832 1456 248 ) (832 1392 248 ) (832 1392 360 ) (832 1456 360 ) 
4 143 144 (832 1392 360 ) (832 1392 248 ) (888 1392 248 ) (888 1392 360 ) 
4 144 162 (832 1392 248 ) (832 1336 248 ) (832 1336 360 ) (832 1392 360 ) 
4 144 145 (864 1336 248 ) (888 1336 248 ) (888 1336 360 ) (864 1336 360 ) 
4 144 147 (832 1336 360 ) (832 1336 248 ) (864 1336 248 ) (864 1336 360 ) 
4 145 146 (864 1210 360 ) (864 1210 328 ) (928 1210 328 ) (928 1210 360 ) 
4 145 147 (864 1336 360 ) (864 1336 248 ) (864 1210 248 ) (864 1210 360 ) 
4 146 148 (928 1206 328 ) (928 1206 360 ) (864 1206 360 ) (864 1206 328 ) 
4 146 147 (864 1206 328 ) (864 1206 360 ) (864 1210 360 ) (864 1210 328 ) 
4 147 162 (832 1336 248 ) (832 1206 248 ) (832 1206 360 ) (832 1336 360 ) 
4 147 148 (832 1206 360 ) (832 1206 248 ) (864 1206 248 ) (864 1206 360 ) 
4 148 162 (832 1206 248 ) (832 1072 248 ) (832 1072 360 ) (832 1206 360 ) 
4 149 163 (784 1784 352 ) (784 1784 360 ) (784 1832 360 ) (784 1832 352 ) 
4 149 150 (784 1784 360 ) (784 1784 344 ) (832 1784 344 ) (832 1784 360 ) 
4 150 151 (784 1768 360 ) (784 1768 336 ) (832 1768 336 ) (832 1768 360 ) 
4 151 152 (784 1752 360 ) (784 1752 328 ) (832 1752 328 ) (832 1752 360 ) 
4 152 153 (784 1736 360 ) (784 1736 320 ) (832 1736 320 ) (832 1736 360 ) 
4 153 154 (784 1720 360 ) (784 1720 312 ) (832 1720 312 ) (832 1720 360 ) 
4 154 155 (784 1704 360 ) (784 1704 304 ) (832 1704 304 ) (832 1704 360 ) 
4 155 156 (784 1688 360 ) (784 1688 296 ) (832 1688 296 ) (832 1688 360 ) 
4 156 157 (784 1672 360 ) (784 1672 288 ) (832 1672 288 ) (832 1672 360 ) 
4 157 158 (784 1656 360 ) (784 1656 280 ) (832 1656 280 ) (832 1656 360 ) 
4 158 159 (784 1640 360 ) (784 1640 272 ) (832 1640 272 ) (832 1640 360 ) 
4 159 160 (784 1624 360 ) (784 1624 264 ) (832 1624 264 ) (832 1624 360 ) 
4 160 161 (784 1608 360 ) (784 1608 256 ) (832 1608 256 ) (832 1608 360 ) 
4 162 164 (784 1456 248 ) (784 1072 248 ) (784 1072 360 ) (784 1456 360 ) 
4 164 165 (752 1152 248 ) (752 1072 248 ) (752 1072 360 ) (752 1152 360 ) 
4 165 167 (692 1124 248 ) (692 1028 248 ) (692 1028 360 ) (692 1124 360 ) 
4 165 166 (692 1028 356 ) (692 1028 248 ) (748 1028 248 ) (748 1028 356 ) 
4 166 293 (692 1024 356 ) (692 1024 248 ) (748 1024 248 ) (748 1024 356 ) 
4 168 171 (2312 1024 448 ) (2360 1024 448 ) (2360 384 448 ) (2312 384 448 ) 
4 168 170 (2360 1024 448 ) (2584 1024 448 ) (2584 384 448 ) (2360 384 448 ) 
4 168 169 (2584 1024 448 ) (2632 1024 448 ) (2632 384 448 ) (2584 384 448 ) 
4 169 170 (2584 384 424 ) (2584 384 448 ) (2584 1024 448 ) (2584 1024 424 ) 
4 170 171 (2360 384 424 ) (2360 384 448 ) (2360 1024 448 ) (2360 1024 424 ) 
4 172 175 (2112 384 128 ) (2280 384 128 ) (2280 384 448 ) (2112 384 448 ) 
4 172 174 (2112 672 128 ) (2112 384 128 ) (2112 384 448 ) (2112 672 448 ) 
4 173 196 (2048 832 184 ) (2048 704 184 ) (2048 704 228 ) (2048 832 228 ) 
4 173 192 (2048 896 184 ) (2048 832 184 ) (2048 832 228 ) (2048 896 228 ) 
4 173 187 (2048 704 228 ) (2048 704 448 ) (2048 896 448 ) (2048 896 228 ) 
4 173 186 (2048 1024 248 ) (2048 1024 184 ) (2048 896 184 ) (2048 896 248 ) 
4 173 183 (2048 1024 360 ) (2048 1024 248 ) (2048 896 248 ) (2048 896 360 ) 
4 173 181 (2048 1024 448 ) (2048 1024 360 ) (2048 896 360 ) (2048 896 448 ) 
4 174 198 (2048 672 128 ) (2048 384 128 ) (2048 384 448 ) (2048 672 448 ) 
4 174 176 (2048 384 128 ) (2048 392 128 ) (2056 392 128 ) (2056 384 128 ) 
4 174 175 (2048 384 128 ) (2112 384 128 ) (2112 384 448 ) (2048 384 448 ) 
4 175 198 (2048 384 128 ) (2048 0 128 ) (2048 0 448 ) (2048 384 448 ) 
4 175 178 (2280 0 448 ) (2048 0 448 ) (2048 0 128 ) (2280 0 128 ) 
4 175 176 (2048 0 128 ) (2048 384 128 ) (2056 384 128 ) (2056 0 128 ) 
4 176 205 (2048 392 115 ) (2048 0 115 ) (2048 0 128 ) (2048 392 128 ) 
4 176 179 (2056 0 128 ) (2048 0 128 ) (2048 0 115 ) (2056 0 115 ) 
4 176 177 (2056 0 115 ) (2048 0 115 ) (2048 392 115 ) (2056 392 115 ) 
4 177 287 (2048 392 16 ) (2048 384 16 ) (2048 384 64 ) (2048 392 64 ) 
4 177 282 (2048 0 64 ) (2048 0 80 ) (2048 16 80 ) (2048 16 64 ) 
4 177 271 (2048 320 80 ) (2048 392 80 ) (2048 392 64 ) (2048 320 64 ) 
4 177 266 (2048 0 80 ) (2048 0 96 ) (2048 48 96 ) (2048 48 80 ) 
4 177 255 (2048 288 96 ) (2048 392 96 ) (2048 392 80 ) (2048 288 80 ) 
4 177 248 (2048 250.221985 112 ) (2048 258 112 ) (2048 258 96 ) (2048 250.223038 96 ) 
4 177 247 (2048 258 112 ) (2048 293 112 ) (2048 293 96 ) (2048 258 96 ) 
4 177 246 (2048 0 96 ) (2048 0 112 ) (2048 85.777992 112 ) (2048 85.777985 96 ) 
4 177 243 (2048 293 112 ) (2048 392 112 ) (2048 392 96 ) (2048 293 96 ) 
4 177 224 (2048 0 112 ) (2048 0 115 ) (2048 392 115 ) (2048 392 112 ) 
4 177 180 (2056 0 115 ) (2048 0 115 ) (2048 0 16 ) (2056 0 16 ) 
4 178 315 (2048 -320 448 ) (2048 0 448 ) (2048 0 128 ) (2048 -320 128 ) 
4 178 179 (2048 -72 128 ) (2048 0 128 ) (2056 0 128 ) (2056 -72 128 ) 
4 179 316 (2048 -72 128 ) (2048 0 128 ) (2048 0 115 ) (2048 -72 115 ) 
4 179 180 (2048 -72 115 ) (2048 0 115 ) (2056 0 115 ) (2056 -72 115 ) 
4 180 320 (2048 -64 16 ) (2048 -72 16 ) (2048 -72 64 ) (2048 -64 64 ) 
4 180 317 (2048 -72 115 ) (2048 0 115 ) (2048 0 64 ) (2048 -72 64 ) 
4 181 188 (1960 896 448 ) (1680 896 448 ) (1680 896 360 ) (1960 896 360 ) 
4 181 187 (2048 896 360 ) (2048 896 448 ) (1960 896 448 ) (1960 896 360 ) 
4 181 183 (2048 896 360 ) (1624 896 360 ) (1624 1024 360 ) (2048 1024 360 ) 
4 182 293 (1024 1024 378 ) (1024 1024 360 ) (1024 896 360 ) (1024 896 378 ) 
4 182 292 (1024 1024 448 ) (1024 1024 378 ) (1024 896 378 ) (1024 896 448 ) 
4 182 200 (1024 896 378 ) (1024 896 360 ) (1552 896 360 ) (1552 896 378 ) 
4 182 185 (1600 896 360 ) (1024 896 360 ) (1024 1024 360 ) (1600 1024 360 ) 
4 183 188 (1960 896 360 ) (1680 896 360 ) (1680 896 248 ) (1960 896 248 ) 
4 183 187 (2048 896 248 ) (2048 896 360 ) (1960 896 360 ) (1960 896 248 ) 
4 183 186 (2048 896 248 ) (1636 896 248 ) (1636 1024 248 ) (2048 1024 248 ) 
4 183 184 (1624 1008 248 ) (1624 912 248 ) (1624 912 360 ) (1624 1008 360 ) 
4 184 185 (1600 1008 248 ) (1600 912 248 ) (1600 912 360 ) (1600 1008 360 ) 
4 185 293 (1024 1024 360 ) (1024 1024 248 ) (1024 896 248 ) (1024 896 360 ) 
4 185 200 (1552 896 360 ) (1024 896 360 ) (1024 896 288 ) (1552 896 288 ) 
5 186 194 (1984 896 228 ) (1680 896 228 ) (1680 896 225.290329 ) (1721.250000 896 204 ) (1984 896 204 ) 
4 186 192 (2048 896 184 ) (2048 896 228 ) (1984 896 228 ) (1984 896 184 ) 
4 186 188 (1960 896 248 ) (1680 896 248 ) (1680 896 228 ) (1960 896 228 ) 
4 186 187 (2048 896 228 ) (2048 896 248 ) (1960 896 248 ) (1960 896 228 ) 
4 187 196 (2048 704 228 ) (1960 704 228 ) (1960 832 228 ) (2048 832 228 ) 
4 187 195 (1960 856 228 ) (1960 872 228 ) (1984 872 228 ) (1984 856 228 ) 
4 187 194 (1960 872 228 ) (1960 896 228 ) (1984 896 228 ) (1984 872 228 ) 
4 187 193 (1960 832 228 ) (1960 856 228 ) (1984 856 228 ) (1984 832 228 ) 
4 187 192 (1984 896 228 ) (2048 896 228 ) (2048 832 228 ) (1984 832 228 ) 
4 187 190 (1960 872 228 ) (1960 856 228 ) (1960 856 272 ) (1960 872 272 ) 
4 187 189 (1960 856 272 ) (1960 856 448 ) (1960 872 448 ) (1960 872 272 ) 
4 187 188 (1960 896 228 ) (1960 872 228 ) (1960 872 448 ) (1960 896 448 ) 
4 187 191 (1960 856 228 ) (1960 704 228 ) (1960 704 448 ) (1960 856 448 ) 
4 188 194 (1680 872 228 ) (1680 896 228 ) (1960 896 228 ) (1960 872 228 ) 
4 188 190 (1680 872 272 ) (1680 872 228 ) (1960 872 228 ) (1960 872 272 ) 
4 188 189 (1680 872 448 ) (1680 872 272 ) (1960 872 272 ) (1960 872 448 ) 
4 189 191 (1680 856 448 ) (1680 856 272 ) (1960 856 272 ) (1960 856 448 ) 
4 189 190 (1960 856 272 ) (1680 856 272 ) (1680 872 272 ) (1960 872 272 ) 
4 190 191 (1680 856 272 ) (1680 856 228 ) (1960 856 228 ) (1960 856 272 ) 
4 191 204 (1680 704 448 ) (1680 832 448 ) (1680 832 228 ) (1680 704 228 ) 
4 191 199 (1680 704 448 ) (1680 704 228 ) (1824 704 228 ) (1824 704 448 ) 
4 191 196 (1960 704 228 ) (1680 704 228 ) (1680 832 228 ) (1960 832 228 ) 
4 191 193 (1680 832 228 ) (1680 856 228 ) (1960 856 228 ) (1960 832 228 ) 
4 192 196 (2048 832 228 ) (1984 832 228 ) (1984 832 184 ) (2048 832 184 ) 
4 192 195 (1984 832 204 ) (1984 856 228 ) (1984 872 228 ) (1984 896 204 ) 
3 192 194 (1984 872 228 ) (1984 896 228 ) (1984 896 204 ) 
3 192 193 (1984 832 204 ) (1984 832 228 ) (1984 856 228 ) 
4 193 196 (1984 832 228 ) (1680 832 228 ) (1680 832 204 ) (1984 832 204 ) 
3 193 195 (1984 856 228 ) (1984 832 204 ) (1960 856 228 ) 
3 194 195 (1984 896 204 ) (1984 872 228 ) (1960 872 228 ) 
4 196 204 (1680 704 184 ) (1680 704 228 ) (1680 832 228 ) (1680 832 184 ) 
4 196 199 (1680 704 228 ) (1680 704 184 ) (1824 704 184 ) (1824 704 228 ) 
4 196 197 (1980 704 184 ) (1680 704 184 ) (1680 832 184 ) (1980 832 184 ) 
4 197 204 (1680 832 128 ) (1680 704 128 ) (1680 704 184 ) (1680 832 184 ) 
4 197 199 (1680 704 184 ) (1680 704 128 ) (1824 704 128 ) (1824 704 184 ) 
4 198 315 (2048 0 128 ) (2048 0 448 ) (1824 0 448 ) (1824 0 128 ) 
4 198 205 (2048 392 128 ) (2048 0 128 ) (1824 0 128 ) (1824 392 128 ) 
4 198 199 (1824 672 128 ) (1824 0 128 ) (1824 0 448 ) (1824 672 448 ) 
4 199 315 (1824 0 448 ) (1680 0 448 ) (1680 0 128 ) (1824 0 128 ) 
4 199 205 (1824 0 128 ) (1680 0 128 ) (1680 392 128 ) (1824 392 128 ) 
4 199 204 (1680 0 448 ) (1680 704 448 ) (1680 704 128 ) (1680 0 128 ) 
4 200 294 (1024 884 378 ) (1024 896 378 ) (1024 896 288 ) (1024 884 288 ) 
4 200 201 (1024 884 288 ) (1552 884 288 ) (1552 884 378 ) (1024 884 378 ) 
4 201 295 (1024 876 378 ) (1024 884 378 ) (1024 884 288 ) (1024 876 288 ) 
4 201 202 (1024 876 288 ) (1552 876 288 ) (1552 876 378 ) (1024 876 378 ) 
4 202 296 (1024 864 288 ) (1024 864 378 ) (1024 876 378 ) (1024 876 288 ) 
4 202 203 (1552 864 288 ) (1552 864 378 ) (1024 864 378 ) (1024 864 288 ) 
4 203 297 (1024 864 128 ) (1024 832 128 ) (1024 832 448 ) (1024 864 448 ) 
4 203 204 (1024 832 128 ) (1648 832 128 ) (1648 832 448 ) (1024 832 448 ) 
4 204 315 (1680 0 448 ) (1024 0 448 ) (1024 0 128 ) (1680 0 128 ) 
4 204 297 (1024 832 128 ) (1024 0 128 ) (1024 0 448 ) (1024 832 448 ) 
3 204 223 (1205.689941 87.410934 128 ) (1208 79.785713 128 ) (1208 64 128 ) 
3 204 222 (1198.869995 109.922104 128 ) (1208 92.842583 128 ) (1208 79.785713 128 ) 
3 204 221 (1187.780151 130.667786 128 ) (1208 106.039780 128 ) (1208 92.842583 128 ) 
3 204 220 (1111.410034 181.694000 128 ) (1123.343994 180.518448 128 ) (1133.920044 174.865967 128 ) 
3 204 219 (1088 184 128 ) (1116.829834 184 128 ) (1123.343994 180.518448 128 ) 
3 204 218 (1172.849854 148.853104 128 ) (1208 120 128 ) (1208 106.039780 128 ) 
3 204 217 (1154.670166 163.775909 128 ) (1208 135.273376 128 ) (1208 120 128 ) 
3 204 216 (1116.829834 184 128 ) (1208 184 128 ) (1208 135.273376 128 ) 
4 204 215 (1208 184 128 ) (1536 184 128 ) (1536 0 128 ) (1208 0 128 ) 
3 204 214 (1436.220459 445.331421 128 ) (1428.605469 454.606506 128 ) (1425.130005 466.078308 128 ) 
3 204 213 (1490.079834 401.133972 128 ) (1478.597168 404.617065 128 ) (1469.330322 412.223724 128 ) 
3 204 212 (1451.150024 427.147034 128 ) (1432.216064 442.688904 128 ) (1428.605469 454.606506 128 ) 
3 204 211 (1478.597168 404.617065 128 ) (1440.223999 416.256866 128 ) (1432.216064 442.688904 128 ) 
3 204 210 (1512.589600 394.306030 128 ) (1444.852783 400.978455 128 ) (1440.223999 416.256866 128 ) 
4 204 209 (1536 392 128 ) (1536 184 128 ) (1510.588745 184 128 ) (1444.852783 400.978455 128 ) 
3 204 208 (1411.217529 512 128 ) (1416 512 128 ) (1418.309937 488.589783 128 ) 
4 204 207 (1024 184 128 ) (1024 512 128 ) (1411.217529 512 128 ) (1510.588745 184 128 ) 
4 204 206 (1024 512 128 ) (1024 776 128 ) (1416 776 128 ) (1416 512 128 ) 
4 204 205 (1680 392 128 ) (1680 0 128 ) (1536 0 128 ) (1536 392 128 ) 
4 205 316 (2048 0 115 ) (2048 0 128 ) (1536 0 128 ) (1536 0 115 ) 
4 205 224 (2048 0 115 ) (1536 0 115 ) (1536 392 115 ) (2048 392 115 ) 
4 205 215 (1536 184 115 ) (1536 0 115 ) (1536 0 128 ) (1536 184 128 ) 
4 205 209 (1536 392 115 ) (1536 184 115 ) (1536 184 128 ) (1536 392 128 ) 
4 206 313 (1024 776 115 ) (1024 512 115 ) (1024 512 128 ) (1024 776 128 ) 
4 206 225 (1024 512 115 ) (1024 776 115 ) (1416 776 115 ) (1416 512 115 ) 
4 206 208 (1411.217407 512 115 ) (1416 512 115 ) (1416 512 128 ) (1411.217407 512 128 ) 
4 206 207 (1024 512 115 ) (1411.217407 512 115 ) (1411.217407 512 128 ) (1024 512 128 ) 
4 207 313 (1024 512 115 ) (1024 184 115 ) (1024 184 128 ) (1024 512 128 ) 
4 207 226 (1024 184 115 ) (1024 512 115 ) (1411.217529 512 115 ) (1510.588745 184 115 ) 
4 207 219 (1088 184 115 ) (1116.829834 184 115 ) (1116.829834 184 128 ) (1088 184 128 ) 
4 207 216 (1116.829834 184 115 ) (1208 184 115 ) (1208 184 128 ) (1116.829834 184 128 ) 
4 207 215 (1208 184 115 ) (1510.588623 184 115 ) (1510.588745 184 128 ) (1208 184 128 ) 
4 207 214 (1428.607422 454.604095 115 ) (1425.132812 466.073090 115 ) (1425.132812 466.073090 128 ) (1428.607422 454.604095 128 ) 
4 207 212 (1432.217651 442.687683 115 ) (1428.607422 454.604095 115 ) (1428.607422 454.604095 128 ) (1432.217651 442.687683 128 ) 
4 207 211 (1440.225342 416.256470 115 ) (1432.217651 442.687683 115 ) (1432.217651 442.687683 128 ) (1440.225342 416.256470 128 ) 
4 207 210 (1444.854004 400.978333 115 ) (1440.225342 416.256470 115 ) (1440.225342 416.256470 128 ) (1444.854004 400.978333 128 ) 
4 207 209 (1510.589844 184 128 ) (1510.589844 184 115 ) (1444.854004 400.978333 115 ) (1444.854004 400.978333 128 ) 
4 207 208 (1418.309326 488.595734 115 ) (1411.218750 512 115 ) (1411.218750 512 128 ) (1418.309326 488.595734 128 ) 
3 208 230 (1411.217529 512 115 ) (1416 512 115 ) (1418.309937 488.589783 115 ) 
3 209 228 (1536 392 115 ) (1536 258.673645 115 ) (1460.767578 399.410767 115 ) 
5 209 227 (1536 258.673645 115 ) (1536 184 115 ) (1510.588745 184 115 ) (1444.852783 400.978455 115 ) (1460.767578 399.410767 115 ) 
4 209 215 (1510.588623 184 115 ) (1536 184 115 ) (1536 184 128 ) (1510.588745 184 128 ) 
4 209 210 (1512.591553 394.305542 115 ) (1444.852173 400.978180 115 ) (1444.852173 400.978180 128 ) (1512.591553 394.305542 128 ) 
3 210 229 (1512.589600 394.306030 115 ) (1460.767578 399.410767 115 ) (1453.995483 412.079529 115 ) 
4 210 227 (1460.767578 399.410767 115 ) (1444.852783 400.978455 115 ) (1440.223999 416.256866 115 ) (1453.995483 412.079529 115 ) 
4 210 213 (1490.078369 401.134857 115 ) (1478.596191 404.617828 115 ) (1478.596191 404.617828 128 ) (1490.078369 401.134857 128 ) 
4 210 211 (1478.596191 404.617828 115 ) (1440.223633 416.257690 115 ) (1440.223633 416.257690 128 ) (1478.596191 404.617828 128 ) 
3 211 232 (1478.597168 404.617065 115 ) (1466.679321 408.232147 115 ) (1451.150146 427.146851 115 ) 
4 211 231 (1466.679321 408.232147 115 ) (1453.995483 412.079559 115 ) (1441.868286 434.765869 115 ) (1451.150146 427.146851 115 ) 
4 211 227 (1453.995483 412.079559 115 ) (1440.223999 416.256866 115 ) (1432.216064 442.688904 115 ) (1441.868286 434.765869 115 ) 
4 211 213 (1478.593750 404.617188 128 ) (1478.593750 404.617188 115 ) (1469.320557 412.229004 115 ) (1469.320557 412.229004 128 ) 
4 211 212 (1451.157104 427.138397 115 ) (1432.217163 442.685150 115 ) (1432.217163 442.685150 128 ) (1451.157104 427.138397 128 ) 
3 212 231 (1451.150024 427.147034 115 ) (1441.868286 434.765930 115 ) (1436.220459 445.331421 115 ) 
4 212 227 (1441.868286 434.765930 115 ) (1432.216064 442.688904 115 ) (1428.605469 454.606506 115 ) (1436.220459 445.331421 115 ) 
4 212 214 (1436.222290 445.327789 115 ) (1428.606201 454.603973 115 ) (1428.606201 454.603973 128 ) (1436.222290 445.327789 128 ) 
3 213 233 (1490.079834 401.133972 115 ) (1478.597168 404.617065 115 ) (1469.330322 412.223724 115 ) 
3 214 227 (1436.220459 445.331421 115 ) (1428.605469 454.606506 115 ) (1425.130005 466.078308 115 ) 
4 215 316 (1536 0 128 ) (1208 0 128 ) (1208 0 115 ) (1536 0 115 ) 
4 215 234 (1536 0 115 ) (1208 0 115 ) (1208 184 115 ) (1536 184 115 ) 
4 215 223 (1208 79.785713 115 ) (1208 64 115 ) (1208 64 128 ) (1208 79.785713 128 ) 
4 215 222 (1208 92.842583 115 ) (1208 79.785713 115 ) (1208 79.785713 128 ) (1208 92.842583 128 ) 
4 215 221 (1208 106.039780 115 ) (1208 92.842583 115 ) (1208 92.842583 128 ) (1208 106.039780 128 ) 
4 215 218 (1208 120 115 ) (1208 106.039780 115 ) (1208 106.039780 128 ) (1208 120 128 ) 
4 215 217 (1208 135.273376 115 ) (1208 120 115 ) (1208 120 128 ) (1208 135.273376 128 ) 
4 215 216 (1208 184 128 ) (1208 184 115 ) (1208 135.273376 115 ) (1208 135.273376 128 ) 
3 216 235 (1116.829834 184 115 ) (1208 184 115 ) (1208 135.273376 115 ) 
4 216 220 (1123.341797 180.518677 115 ) (1133.916016 174.867218 115 ) (1133.916016 174.867218 128 ) (1123.341797 180.518677 128 ) 
4 216 219 (1116.828003 184 128 ) (1116.828003 184 115 ) (1123.341797 180.518677 115 ) (1123.341797 180.518677 128 ) 
4 216 217 (1154.673584 163.773163 115 ) (1208 135.272461 115 ) (1208 135.272461 128 ) (1154.673584 163.773163 128 ) 
3 217 236 (1154.670166 163.775909 115 ) (1208 135.273376 115 ) (1208 120 115 ) 
4 217 218 (1172.848145 148.855194 115 ) (1208 120.001114 115 ) (1208 120.001114 128 ) (1172.848145 148.855194 128 ) 
3 218 237 (1172.849854 148.853104 115 ) (1208 120 115 ) (1208 106.039780 115 ) 
4 218 221 (1187.781860 130.664627 115 ) (1208 106.038841 115 ) (1208 106.038841 128 ) (1187.781860 130.664627 128 ) 
3 219 238 (1088 184 115 ) (1116.829834 184 115 ) (1123.343994 180.518448 115 ) 
4 219 220 (1111.409302 181.694229 115 ) (1123.345703 180.518509 115 ) (1123.345703 180.518509 128 ) (1111.409302 181.694229 128 ) 
3 220 239 (1111.410034 181.694000 115 ) (1123.343994 180.518448 115 ) (1133.920044 174.865967 115 ) 
3 221 240 (1187.780151 130.667786 115 ) (1208 106.039780 115 ) (1208 92.842583 115 ) 
4 221 222 (1198.869873 109.922539 115 ) (1208 92.843323 115 ) (1208 92.843323 128 ) (1198.869873 109.922539 128 ) 
3 222 241 (1198.869995 109.922104 115 ) (1208 92.842583 115 ) (1208 79.785713 115 ) 
4 222 223 (1205.689697 87.413239 115 ) (1208 79.787216 115 ) (1208 79.787216 128 ) (1205.689697 87.413239 128 ) 
3 223 242 (1205.689941 87.410934 115 ) (1208 79.785713 115 ) (1208 64 115 ) 
4 224 317 (2048 0 112 ) (2048 0 115 ) (1536 0 115 ) (1536 0 112 ) 
4 224 251 (2008 0 112 ) (1536 0 112 ) (1536 392 112 ) (2008 392 112 ) 
3 224 250 (2020 106 112 ) (2014.499878 111.500175 112 ) (2012 124 112 ) 
3 224 249 (2034 92 112 ) (2016.878052 99.609428 112 ) (2014.499878 111.500175 112 ) 
3 224 248 (2048 258 112 ) (2048 250.221970 112 ) (2033.998413 243.998291 112 ) 
3 224 247 (2048 293 112 ) (2048 258 112 ) (2020 230 112 ) 
4 224 246 (2048 85.777985 112 ) (2048 0 112 ) (2036.799927 0 112 ) (2016.878052 99.609428 112 ) 
3 224 245 (2008 192 112 ) (2008 203 112 ) (2012 212 112 ) 
3 224 244 (2036.799927 0 112 ) (2008 0 112 ) (2008 144 112 ) 
4 224 243 (2048 392 112 ) (2048 293 112 ) (2008 203 112 ) (2008 392 112 ) 
4 224 234 (1536 184 112 ) (1536 0 112 ) (1536 0 115 ) (1536 184 115 ) 
4 224 228 (1536 392 112 ) (1536 258.673645 112 ) (1536 258.673645 115 ) (1536 392 115 ) 
4 224 227 (1536 258.673645 112 ) (1536 184 112 ) (1536 184 115 ) (1536 258.673645 115 ) 
4 225 314 (1024 776 112 ) (1024 512 112 ) (1024 512 115 ) (1024 776 115 ) 
4 225 254 (1024 512 112 ) (1024 776 112 ) (1088 776 112 ) (1088 512 112 ) 
4 225 253 (1088 776 112 ) (1416 776 112 ) (1416 512 112 ) (1088 512 112 ) 
4 225 230 (1411.217407 512 112 ) (1416 512 112 ) (1416 512 115 ) (1411.217407 512 115 ) 
4 225 226 (1024 512 112 ) (1411.217407 512 112 ) (1411.217407 512 115 ) (1024 512 115 ) 
4 226 314 (1024 512 112 ) (1024 184 112 ) (1024 184 115 ) (1024 512 115 ) 
4 226 254 (1024 184 112 ) (1024 512 112 ) (1088 512 112 ) (1088 184 112 ) 
5 226 253 (1088 512 112 ) (1411.217529 512 112 ) (1416 496.214233 112 ) (1416 184 112 ) (1088 184 112 ) 
3 226 252 (1416 496.214233 112 ) (1510.588745 184 112 ) (1416 184 112 ) 
4 226 238 (1088 184 112 ) (1116.829834 184 112 ) (1116.829834 184 115 ) (1088 184 115 ) 
4 226 235 (1116.829834 184 112 ) (1208 184 112 ) (1208 184 115 ) (1116.829834 184 115 ) 
4 226 234 (1208 184 112 ) (1510.588623 184 112 ) (1510.588745 184 115 ) (1208 184 115 ) 
4 226 230 (1418.309448 488.595428 112 ) (1411.218750 512 112 ) (1411.218750 512 115 ) (1418.309448 488.595428 115 ) 
4 226 227 (1510.589844 184 115 ) (1510.589844 184 112 ) (1425.132812 466.072906 112 ) (1425.132812 466.072906 115 ) 
4 227 252 (1536 258.673645 112 ) (1536 184 112 ) (1510.588745 184 112 ) (1425.130005 466.078186 112 ) 
4 227 234 (1510.588623 184 112 ) (1536 184 112 ) (1536 184 115 ) (1510.588745 184 115 ) 
4 227 231 (1453.996460 412.079254 112 ) (1436.222778 445.328644 112 ) (1436.222778 445.328644 115 ) (1453.996460 412.079254 115 ) 
4 227 229 (1460.768555 399.410706 112 ) (1453.996460 412.079254 112 ) (1453.996460 412.079254 115 ) (1460.768555 399.410706 115 ) 
4 227 228 (1536 258.675018 115 ) (1536 258.675018 112 ) (1460.768555 399.410706 112 ) (1460.768555 399.410706 115 ) 
3 228 252 (1536 392 112 ) (1536 258.673645 112 ) (1460.767700 399.410767 112 ) 
4 228 229 (1512.590576 394.305786 112 ) (1460.769531 399.410400 112 ) (1460.769531 399.410400 115 ) (1512.590576 394.305786 115 ) 
3 229 252 (1512.589722 394.306030 112 ) (1460.767700 399.410767 112 ) (1453.995483 412.079590 112 ) 
4 229 233 (1490.079712 401.134094 112 ) (1478.597534 404.616882 112 ) (1478.597534 404.616882 115 ) (1490.079712 401.134094 115 ) 
4 229 232 (1478.597534 404.616882 112 ) (1466.679565 408.231842 112 ) (1466.679565 408.231842 115 ) (1478.597534 404.616882 115 ) 
4 229 231 (1466.679565 408.231842 112 ) (1453.993774 412.079742 112 ) (1453.993774 412.079742 115 ) (1466.679565 408.231842 115 ) 
3 230 253 (1411.217529 512 112 ) (1416 512 112 ) (1416 496.214203 112 ) 
3 230 252 (1416 512 112 ) (1418.309937 488.589661 112 ) (1416 496.214203 112 ) 
3 231 252 (1466.679321 408.232147 112 ) (1453.995483 412.079590 112 ) (1436.220215 445.331726 112 ) 
4 231 232 (1466.680786 408.232880 115 ) (1466.680786 408.232880 112 ) (1451.155518 427.142578 112 ) (1451.155518 427.142578 115 ) 
3 232 252 (1478.596924 404.617126 112 ) (1466.679321 408.232147 112 ) (1451.149902 427.147125 112 ) 
4 232 233 (1478.594238 404.617493 115 ) (1478.594238 404.617493 112 ) (1469.324097 412.227142 112 ) (1469.324097 412.227142 115 ) 
3 233 252 (1490.079956 401.133942 112 ) (1478.596924 404.617126 112 ) (1469.329956 412.223907 112 ) 
4 234 317 (1536 0 115 ) (1208 0 115 ) (1208 0 112 ) (1536 0 112 ) 
4 234 253 (1208 184 112 ) (1416 184 112 ) (1416 0 112 ) (1208 0 112 ) 
4 234 252 (1416 184 112 ) (1536 184 112 ) (1536 0 112 ) (1416 0 112 ) 
4 234 242 (1208 79.785713 112 ) (1208 64 112 ) (1208 64 115 ) (1208 79.785713 115 ) 
4 234 241 (1208 92.842583 112 ) (1208 79.785713 112 ) (1208 79.785713 115 ) (1208 92.842583 115 ) 
4 234 240 (1208 106.039780 112 ) (1208 92.842583 112 ) (1208 92.842583 115 ) (1208 106.039780 115 ) 
4 234 237 (1208 120 112 ) (1208 106.039780 112 ) (1208 106.039780 115 ) (1208 120 115 ) 
4 234 236 (1208 135.273376 112 ) (1208 120 112 ) (1208 120 115 ) (1208 135.273376 115 ) 
4 234 235 (1208 184 115 ) (1208 184 112 ) (1208 135.273376 112 ) (1208 135.273376 115 ) 
3 235 253 (1116.829834 184 112 ) (1208 184 112 ) (1208 135.273376 112 ) 
4 235 239 (1123.341797 180.518677 112 ) (1133.916016 174.867218 112 ) (1133.916016 174.867218 115 ) (1123.341797 180.518677 115 ) 
4 235 238 (1116.828003 184 115 ) (1116.828003 184 112 ) (1123.341797 180.518677 112 ) (1123.341797 180.518677 115 ) 
4 235 236 (1154.673584 163.773163 112 ) (1208 135.272461 112 ) (1208 135.272461 115 ) (1154.673584 163.773163 115 ) 
3 236 253 (1154.670166 163.775909 112 ) (1208 135.273376 112 ) (1208 120 112 ) 
4 236 237 (1172.848145 148.855194 112 ) (1208 120.001114 112 ) (1208 120.001114 115 ) (1172.848145 148.855194 115 ) 
3 237 253 (1172.849854 148.853104 112 ) (1208 120 112 ) (1208 106.039780 112 ) 
4 237 240 (1187.781860 130.664627 112 ) (1208 106.038841 112 ) (1208 106.038841 115 ) (1187.781860 130.664627 115 ) 
3 238 253 (1088 184 112 ) (1116.829834 184 112 ) (1123.343994 180.518448 112 ) 
4 238 239 (1111.409302 181.694229 112 ) (1123.345703 180.518509 112 ) (1123.345703 180.518509 115 ) (1111.409302 181.694229 115 ) 
3 239 253 (1111.410034 181.694000 112 ) (1123.343994 180.518448 112 ) (1133.920044 174.865967 112 ) 
3 240 253 (1187.780151 130.667786 112 ) (1208 106.039780 112 ) (1208 92.842583 112 ) 
4 240 241 (1198.869873 109.922539 112 ) (1208 92.843323 112 ) (1208 92.843323 115 ) (1198.869873 109.922539 115 ) 
3 241 253 (1198.869995 109.922104 112 ) (1208 92.842583 112 ) (1208 79.785713 112 ) 
4 241 242 (1205.689697 87.413239 112 ) (1208 79.787216 112 ) (1208 79.787216 115 ) (1205.689697 87.413239 115 ) 
3 242 253 (1205.689941 87.410934 112 ) (1208 79.785713 112 ) (1208 64 112 ) 
3 243 260 (2020 284 96 ) (2029 288 96 ) (2040 288 96 ) 
3 243 256 (2008 278.666656 96 ) (2008 288 96 ) (2029 288 96 ) 
5 243 255 (2048 392 96 ) (2048 293 96 ) (2045.777832 288 96 ) (2008 288 96 ) (2008 392 96 ) 
4 243 251 (2008 392 96 ) (2008 203 96 ) (2008 203 112 ) (2008 392 112 ) 
4 243 247 (2020.001465 230.001297 96 ) (2048 292.997925 96 ) (2048 292.997925 112 ) (2020.001465 230.001282 112 ) 
4 243 245 (2008 202.998047 112 ) (2008 202.998047 96 ) (2012 211.996307 96 ) (2012 211.996307 112 ) 
4 244 317 (2036.799927 0 112 ) (2008 0 112 ) (2008 0 96 ) (2036.799927 0 96 ) 
3 244 263 (2008 54.399979 96 ) (2008 57.333344 96 ) (2020 52 96 ) 
4 244 259 (2008 48 96 ) (2008 54.399979 96 ) (2026.666626 50.666664 96 ) (2027.199951 48 96 ) 
4 244 266 (2036.799927 0 96 ) (2008 0 96 ) (2008 48 96 ) (2027.199951 48 96 ) 
4 244 251 (2008 144 96 ) (2008 0 96 ) (2008 0 112 ) (2008 144 112 ) 
4 244 250 (2014.500122 111.499840 96 ) (2012 124 96 ) (2012 124 112 ) (2014.499878 111.500099 112 ) 
4 244 249 (2016.878296 99.609367 96 ) (2014.500122 111.499840 96 ) (2014.499878 111.500099 112 ) (2016.878052 99.609505 112 ) 
4 244 246 (2036.800781 0 96 ) (2016.878296 99.609367 96 ) (2016.878052 99.609505 112 ) (2036.799927 0 112 ) 
4 245 251 (2008 203 96 ) (2008 192 96 ) (2008 192 112 ) (2008 203 112 ) 
4 246 317 (2048 0 96 ) (2048 0 112 ) (2036.799927 0 112 ) (2036.799927 0 96 ) 
3 246 259 (2040 48 96 ) (2027.199951 48 96 ) (2026.666626 50.666664 96 ) 
4 246 266 (2048 48 96 ) (2048 0 96 ) (2036.799927 0 96 ) (2027.199951 48 96 ) 
4 246 249 (2034 92 96 ) (2016.878418 99.609451 96 ) (2016.878418 99.609451 112 ) (2034 92 112 ) 
3 247 255 (2048 293 96 ) (2048 288 96 ) (2045.777832 288 96 ) 
4 247 248 (2034 244 96 ) (2048 258 96 ) (2048 258 112 ) (2033.998047 243.998077 112 ) 
4 249 250 (2020 106 96 ) (2014.500000 111.499969 96 ) (2014.500000 111.499969 112 ) (2020 106 112 ) 
4 251 317 (2008 0 112 ) (1536 0 112 ) (1536 0 96 ) (2008 0 96 ) 
3 251 265 (1988 74 96 ) (1982.500122 79.500061 96 ) (1980 91.998901 96 ) 
3 251 264 (2002 60 96 ) (1984.878174 67.609688 96 ) (1982.500122 79.500061 96 ) 
4 251 263 (2008 57.333344 96 ) (2008 54.399979 96 ) (1986.666748 58.666626 96 ) (1984.878174 67.609688 96 ) 
3 251 262 (1976 224 96 ) (1976 235 96 ) (1980 244 96 ) 
3 251 261 (1986.666748 58.666626 96 ) (1976 60.799988 96 ) (1976 112 96 ) 
4 251 259 (2008 54.399979 96 ) (2008 48 96 ) (1976 48 96 ) (1976 60.799988 96 ) 
3 251 258 (1976 235 96 ) (1976 250 96 ) (1988 262 96 ) 
3 251 257 (1976 250 96 ) (1976 264.444519 96 ) (2002 276 96 ) 
4 251 256 (2008 288 96 ) (2008 278.666626 96 ) (1976 264.444519 96 ) (1976 288 96 ) 
4 251 266 (2008 48 96 ) (2008 0 96 ) (1976 0 96 ) (1976 48 96 ) 
4 251 267 (1976 0 96 ) (1536 0 96 ) (1536 288 96 ) (1976 288 96 ) 
4 251 255 (2008 392 96 ) (2008 288 96 ) (1536 288 96 ) (1536 392 96 ) 
4 251 252 (1536 392 96 ) (1536 0 96 ) (1536 0 112 ) (1536 392 112 ) 
4 252 317 (1536 0 112 ) (1416 0 112 ) (1416 0 96 ) (1536 0 96 ) 
4 252 268 (1536 512 96 ) (1536 0 96 ) (1416 0 96 ) (1416 512 96 ) 
4 252 253 (1416 512 96 ) (1416 0 96 ) (1416 0 112 ) (1416 512 112 ) 
4 253 318 (1208 0 112 ) (1088 0 112 ) (1088 0 96 ) (1208 0 96 ) 
4 253 317 (1416 0 112 ) (1208 0 112 ) (1208 0 96 ) (1416 0 96 ) 
4 253 269 (1088 776 96 ) (1416 776 96 ) (1416 0 96 ) (1088 0 96 ) 
4 253 254 (1088 776 112 ) (1088 776 96 ) (1088 184 96 ) (1088 184 112 ) 
4 254 314 (1024 776 96 ) (1024 184 96 ) (1024 184 112 ) (1024 776 112 ) 
4 254 270 (1024 184 96 ) (1024 776 96 ) (1088 776 96 ) (1088 184 96 ) 
3 255 279 (1997 320 80 ) (2008 320 80 ) (1988 316 80 ) 
3 255 275 (1982 320 80 ) (1997 320 80 ) (1970 308 80 ) 
3 255 274 (1967.555664 320 80 ) (1982 320 80 ) (1956 294 80 ) 
4 255 272 (1944 320 80 ) (1967.555664 320 80 ) (1953.333374 288 80 ) (1944 288 80 ) 
4 255 283 (1536 288 80 ) (1536 320 80 ) (1944 320 80 ) (1944 288 80 ) 
4 255 271 (1536 320 80 ) (1536 392 80 ) (2048 392 80 ) (2048 320 80 ) 
4 255 268 (1536 392 80 ) (1536 288 80 ) (1536 288 96 ) (1536 392 96 ) 
4 255 260 (2029 288 80 ) (2040 288 80 ) (2040 288 96 ) (2029 288 96 ) 
4 255 256 (1976 288 80 ) (2029 288 80 ) (2029 288 96 ) (1976 288 96 ) 
4 255 267 (1536 288 96 ) (1536 288 80 ) (1976 288 80 ) (1976 288 96 ) 
4 256 260 (2019.989624 283.997925 80 ) (2028.994141 288 80 ) (2028.994141 288 96 ) (2019.989624 283.997925 96 ) 
4 256 257 (1976 264.446716 96 ) (1976 264.446716 80 ) (2002.004517 276.004456 80 ) (2002.004517 276.004456 96 ) 
4 256 267 (1976 288 96 ) (1976 288 80 ) (1976 264.444519 80 ) (1976 264.444519 96 ) 
4 257 258 (1976 250 96 ) (1976 250 80 ) (1988 262 80 ) (1988 262 96 ) 
4 257 267 (1976 264.444519 80 ) (1976 250 80 ) (1976 250 96 ) (1976 264.444519 96 ) 
4 258 262 (1976 235 96 ) (1976 235 80 ) (1980 244 80 ) (1980 244 96 ) 
4 258 267 (1976 250 80 ) (1976 235 80 ) (1976 235 96 ) (1976 250 96 ) 
4 259 263 (2019.997681 52.001011 80 ) (1986.666626 58.667137 80 ) (1986.666626 58.667137 96 ) (2019.997681 52.001011 96 ) 
4 259 261 (1986.666626 58.667137 80 ) (1976 60.800446 80 ) (1976 60.800446 96 ) (1986.666626 58.667137 96 ) 
4 259 267 (1976 60.799988 80 ) (1976 48 80 ) (1976 48 96 ) (1976 60.799988 96 ) 
4 259 266 (1976 48 96 ) (1976 48 80 ) (2040 48 80 ) (2040 48 96 ) 
4 261 265 (1982.499390 79.500702 80 ) (1980 92.001320 80 ) (1980 92.001320 96 ) (1982.499390 79.500702 96 ) 
4 261 264 (1984.877563 67.609909 80 ) (1982.499390 79.500702 80 ) (1982.499390 79.500702 96 ) (1984.877563 67.609909 96 ) 
4 261 263 (1986.666138 58.667358 96 ) (1986.666138 58.667358 80 ) (1984.877563 67.609909 80 ) (1984.877563 67.609909 96 ) 
4 261 267 (1976 112 80 ) (1976 60.799988 80 ) (1976 60.799988 96 ) (1976 112 96 ) 
4 262 267 (1976 235 80 ) (1976 224 80 ) (1976 224 96 ) (1976 235 96 ) 
4 263 264 (2002 60 80 ) (1984.880371 67.608688 80 ) (1984.880371 67.608688 96 ) (2002 60 96 ) 
4 264 265 (1988 74 80 ) (1982.500122 79.499908 80 ) (1982.500122 79.499908 96 ) (1988 74 96 ) 
4 266 317 (2048 0 80 ) (2048 0 96 ) (1976 0 96 ) (1976 0 80 ) 
3 266 281 (2008 16 80 ) (1997 16 80 ) (1988 20 80 ) 
4 266 280 (1976 22 80 ) (1976 25.333353 80 ) (1997 16 80 ) (1982 16 80 ) 
3 266 273 (1976 16 80 ) (1976 22 80 ) (1982 16 80 ) 
4 266 282 (2048 0 80 ) (1976 0 80 ) (1976 16 80 ) (2048 16 80 ) 
4 266 267 (1976 48 80 ) (1976 0 80 ) (1976 0 96 ) (1976 48 96 ) 
4 267 317 (1976 0 96 ) (1536 0 96 ) (1536 0 80 ) (1976 0 80 ) 
3 267 280 (1976 25.333374 80 ) (1976 22 80 ) (1970 28 80 ) 
3 267 278 (1956 42 80 ) (1950.500000 47.499981 80 ) (1948 60 80 ) 
3 267 277 (1944 54 80 ) (1944 80 80 ) (1950.500000 47.499981 80 ) 
3 267 276 (1944 256 80 ) (1944 267 80 ) (1948 276 80 ) 
4 267 273 (1944 16 80 ) (1944 54 80 ) (1976 22 80 ) (1976 16 80 ) 
3 267 272 (1944 267 80 ) (1944 288 80 ) (1953.333374 288 80 ) 
4 267 282 (1976 0 80 ) (1944 0 80 ) (1944 16 80 ) (1976 16 80 ) 
4 267 283 (1944 0 80 ) (1536 0 80 ) (1536 288 80 ) (1944 288 80 ) 
4 267 268 (1536 288 80 ) (1536 0 80 ) (1536 0 96 ) (1536 288 96 ) 
4 268 317 (1536 0 96 ) (1416 0 96 ) (1416 0 80 ) (1536 0 80 ) 
4 268 284 (1536 0 80 ) (1416 0 80 ) (1416 512 80 ) (1536 512 80 ) 
4 268 269 (1416 512 80 ) (1416 0 80 ) (1416 0 96 ) (1416 512 96 ) 
4 269 318 (1208 0 96 ) (1088 0 96 ) (1088 0 80 ) (1208 0 80 ) 
4 269 317 (1416 0 96 ) (1208 0 96 ) (1208 0 80 ) (1416 0 80 ) 
4 269 285 (1416 0 80 ) (1088 0 80 ) (1088 776 80 ) (1416 776 80 ) 
4 269 270 (1088 776 96 ) (1088 776 80 ) (1088 184 80 ) (1088 184 96 ) 
4 270 314 (1024 776 80 ) (1024 184 80 ) (1024 184 96 ) (1024 776 96 ) 
4 270 286 (1024 184 80 ) (1024 776 80 ) (1088 776 80 ) (1088 184 80 ) 
4 271 290 (1536 320 64 ) (1536 384 64 ) (1728 384 64 ) (1728 320 64 ) 
4 271 287 (1536 384 64 ) (1536 392 64 ) (2048 392 64 ) (2048 384 64 ) 
4 271 284 (1536 392 64 ) (1536 320 64 ) (1536 320 80 ) (1536 392 80 ) 
4 271 279 (1997 320 64 ) (2008 320 64 ) (2008 320 80 ) (1997 320 80 ) 
4 271 275 (1982 320 64 ) (1997 320 64 ) (1997 320 80 ) (1982 320 80 ) 
4 271 274 (1967.555664 320 64 ) (1982 320 64 ) (1982 320 80 ) (1967.555664 320 80 ) 
4 271 272 (1944 320 64 ) (1967.555664 320 64 ) (1967.555664 320 80 ) (1944 320 80 ) 
4 271 283 (1536 320 80 ) (1536 320 64 ) (1944 320 64 ) (1944 320 80 ) 
4 272 276 (1944 267.003174 80 ) (1944 267.003174 64 ) (1948.001343 276.006561 64 ) (1948.001343 276.006561 80 ) 
4 272 274 (1955.996948 293.997040 64 ) (1967.553589 320 64 ) (1967.553589 320 80 ) (1955.996948 293.997040 80 ) 
4 272 283 (1944 320 80 ) (1944 320 64 ) (1944 267 64 ) (1944 267 80 ) 
4 273 280 (1982 16 80 ) (1982 16 64 ) (1970 28 64 ) (1970 28 80 ) 
4 273 278 (1956 42 64 ) (1950.500000 47.500008 64 ) (1950.500000 47.500008 80 ) (1956 42 80 ) 
4 273 277 (1950.500000 47.500008 64 ) (1944 54 64 ) (1944 54 80 ) (1950.500000 47.500008 80 ) 
4 273 283 (1944 54 64 ) (1944 16 64 ) (1944 16 80 ) (1944 54 80 ) 
4 273 282 (1944 16 80 ) (1944 16 64 ) (1982 16 64 ) (1982 16 80 ) 
4 274 275 (1970 308 64 ) (1982 320 64 ) (1982 320 80 ) (1970 308 80 ) 
4 275 279 (1988 316 64 ) (1997 320 64 ) (1997 320 80 ) (1988 316 80 ) 
4 276 283 (1944 267 64 ) (1944 256 64 ) (1944 256 80 ) (1944 267 80 ) 
4 277 278 (1950.499268 47.502213 80 ) (1950.499268 47.502213 64 ) (1948 60.001373 64 ) (1948 60.001373 80 ) 
4 277 283 (1944 80 64 ) (1944 54 64 ) (1944 54 80 ) (1944 80 80 ) 
4 280 281 (1997 16 80 ) (1997 16 64 ) (1988 20 64 ) (1988 20 80 ) 
4 280 282 (1982 16 64 ) (1997 16 64 ) (1997 16 80 ) (1982 16 80 ) 
4 281 282 (1997 16 64 ) (2008 16 64 ) (2008 16 80 ) (1997 16 80 ) 
4 282 317 (2048 0 64 ) (2048 0 80 ) (1944 0 80 ) (1944 0 64 ) 
4 282 283 (1944 16 64 ) (1944 0 64 ) (1944 0 80 ) (1944 16 80 ) 
4 283 317 (1944 0 80 ) (1536 0 80 ) (1536 0 64 ) (1944 0 64 ) 
4 283 290 (1728 0 64 ) (1536 0 64 ) (1536 320 64 ) (1728 320 64 ) 
4 283 284 (1536 320 64 ) (1536 0 64 ) (1536 0 80 ) (1536 320 80 ) 
4 284 317 (1536 0 80 ) (1416 0 80 ) (1416 0 64 ) (1536 0 64 ) 
4 284 290 (1536 0 64 ) (1416 0 64 ) (1416 384 64 ) (1536 384 64 ) 
4 284 288 (1416 384 64 ) (1416 512 64 ) (1536 512 64 ) (1536 384 64 ) 
4 284 285 (1416 512 64 ) (1416 0 64 ) (1416 0 80 ) (1416 512 80 ) 
4 285 318 (1208 0 80 ) (1088 0 80 ) (1088 0 64 ) (1208 0 64 ) 
4 285 317 (1416 0 80 ) (1208 0 80 ) (1208 0 64 ) (1416 0 64 ) 
4 285 290 (1416 0 64 ) (1088 0 64 ) (1088 384 64 ) (1416 384 64 ) 
4 285 289 (1088 384 64 ) (1088 776 64 ) (1416 776 64 ) (1416 384 64 ) 
4 285 286 (1088 776 80 ) (1088 776 64 ) (1088 184 64 ) (1088 184 80 ) 
4 286 314 (1024 776 64 ) (1024 184 64 ) (1024 184 80 ) (1024 776 80 ) 
4 286 291 (1024 184 64 ) (1024 384 64 ) (1088 384 64 ) (1088 184 64 ) 
4 286 289 (1024 384 64 ) (1024 776 64 ) (1088 776 64 ) (1088 384 64 ) 
3 287 290 (1536 384 16 ) (1728 384 64 ) (1536 384 64 ) 
4 287 288 (1536 392 16 ) (1536 384 16 ) (1536 384 64 ) (1536 392 64 ) 
4 288 290 (1416 384 16 ) (1536 384 16 ) (1536 384 64 ) (1416 384 64 ) 
4 288 289 (1416 512 16 ) (1416 384 16 ) (1416 384 64 ) (1416 512 64 ) 
4 289 314 (1024 776 16 ) (1024 384 16 ) (1024 384 64 ) (1024 776 64 ) 
4 289 291 (1024 384 16 ) (1088 384 16 ) (1088 384 64 ) (1024 384 64 ) 
4 289 290 (1088 384 16 ) (1416 384 16 ) (1416 384 64 ) (1088 384 64 ) 
4 290 319 (1728 0 64 ) (1088 0 64 ) (1088 0 16 ) (1536 0 16 ) 
4 290 291 (1088 384 64 ) (1088 384 16 ) (1088 184 16 ) (1088 184 64 ) 
4 291 314 (1024 384 16 ) (1024 184 16 ) (1024 184 64 ) (1024 384 64 ) 
4 292 300 (576 896 448 ) (576 1024 448 ) (576 1024 378 ) (576 896 378 ) 
4 292 293 (576 896 378 ) (576 1024 378 ) (1024 1024 378 ) (1024 896 378 ) 
4 293 300 (576 896 248 ) (576 896 378 ) (576 1024 378 ) (576 1024 248 ) 
4 293 294 (1024 896 378 ) (640 896 378 ) (640 896 288 ) (1024 896 288 ) 
4 294 295 (640 884 378 ) (640 884 288 ) (1024 884 288 ) (1024 884 378 ) 
4 295 296 (640 876 378 ) (640 876 288 ) (1024 876 288 ) (1024 876 378 ) 
4 296 297 (1024 864 288 ) (1024 864 378 ) (640 864 378 ) (640 864 288 ) 
4 297 321 (1024 0 128 ) (1024 0 448 ) (584 0 448 ) (584 0 128 ) 
4 297 313 (952 776 128 ) (1024 776 128 ) (1024 184 128 ) (952 184 128 ) 
4 297 299 (584 704 128 ) (584 0 128 ) (584 0 160 ) (584 704 160 ) 
5 297 298 (584 0 448 ) (584 864 448 ) (584 864 264 ) (584 724 160 ) (584 0 160 ) 
4 298 321 (584 0 448 ) (576 0 448 ) (576 0 160 ) (584 0 160 ) 
4 298 309 (576 752 200 ) (576 768 200 ) (576 768 192.685730 ) (576 752 180.800003 ) 
5 298 310 (576 0 160 ) (576 0 200 ) (576 752 200 ) (576 752 180.800003 ) (576 724 160 ) 
3 298 308 (576 768 200 ) (576 777.846130 200 ) (576 768 192.685730 ) 
4 298 306 (576 0 200 ) (576 0 212 ) (576 794 212 ) (576 777.846130 200 ) 
3 298 304 (576 832 248 ) (576 842.461548 248 ) (576 832 240.228561 ) 
5 298 305 (576 0 212 ) (576 0 248 ) (576 832 248 ) (576 832 240.228561 ) (576 794 212 ) 
5 298 302 (576 0 248 ) (576 0 448 ) (576 864 448 ) (576 864 264 ) (576 842.461548 248 ) 
4 298 299 (576 0 160 ) (576 704 160 ) (584 704 160 ) (584 0 160 ) 
4 299 321 (576 0 160 ) (576 0 128 ) (584 0 128 ) (584 0 160 ) 
4 299 312 (576 704 128 ) (576 0 128 ) (576 0 152 ) (576 704 152 ) 
4 299 310 (576 0 152 ) (576 0 160 ) (576 704 160 ) (576 704 152 ) 
4 300 301 (512 896 248 ) (576 896 248 ) (576 896 378 ) (512 896 378 ) 
4 301 302 (512 864 248 ) (576 864 248 ) (576 864 378 ) (512 864 378 ) 
4 302 321 (512 0 448 ) (512 0 248 ) (576 0 248 ) (576 0 448 ) 
4 302 304 (512 832 248 ) (512 848 248 ) (576 848 248 ) (576 832 248 ) 
4 302 305 (512 0 248 ) (512 832 248 ) (576 832 248 ) (576 0 248 ) 
4 302 303 (512 848 248 ) (512 864 248 ) (576 864 248 ) (576 848 248 ) 
4 303 304 (576 848 236 ) (576 848 248 ) (512 848 248 ) (512 848 236 ) 
4 304 305 (576 832 224 ) (576 832 248 ) (512 832 248 ) (512 832 224 ) 
4 305 321 (512 0 248 ) (512 0 212 ) (576 0 212 ) (576 0 248 ) 
4 305 306 (512 0 212 ) (512 816 212 ) (576 816 212 ) (576 0 212 ) 
4 306 321 (512 0 212 ) (512 0 200 ) (576 0 200 ) (576 0 212 ) 
4 306 309 (512 752 200 ) (512 768 200 ) (576 768 200 ) (576 752 200 ) 
4 306 310 (512 0 200 ) (512 752 200 ) (576 752 200 ) (576 0 200 ) 
4 306 308 (512 768 200 ) (512 784 200 ) (576 784 200 ) (576 768 200 ) 
4 306 307 (512 784 200 ) (512 800 200 ) (576 800 200 ) (576 784 200 ) 
4 307 308 (576 784 188 ) (576 784 200 ) (512 784 200 ) (512 784 188 ) 
4 308 309 (576 768 176 ) (576 768 200 ) (512 768 200 ) (512 768 176 ) 
4 309 310 (576 752 164 ) (576 752 200 ) (512 752 200 ) (512 752 164 ) 
4 310 321 (512 0 200 ) (512 0 152 ) (576 0 152 ) (576 0 200 ) 
4 310 311 (512 720 152 ) (512 736 152 ) (576 736 152 ) (576 720 152 ) 
4 310 312 (512 0 152 ) (512 720 152 ) (576 720 152 ) (576 0 152 ) 
4 311 312 (576 720 140 ) (576 720 152 ) (512 720 152 ) (512 720 140 ) 
4 312 321 (512 0 152 ) (512 0 128 ) (576 0 128 ) (576 0 152 ) 
4 313 314 (952 776 115 ) (1024 776 115 ) (1024 184 115 ) (952 184 115 ) 
4 315 321 (1024 0 448 ) (1024 0 128 ) (1024 -320 128 ) (1024 -320 448 ) 
4 315 316 (1208 0 128 ) (2048 0 128 ) (2048 -72 128 ) (1208 -72 128 ) 
4 316 317 (1208 0 115 ) (2048 0 115 ) (2048 -72 115 ) (1208 -72 115 ) 
4 317 319 (1208 -64 64 ) (1208 0 64 ) (1728 0 64 ) (1728 -64 64 ) 
4 317 320 (2048 -72 64 ) (1208 -72 64 ) (1208 -64 64 ) (2048 -64 64 ) 
4 317 318 (1208 0 64 ) (1208 -72 64 ) (1208 -72 112 ) (1208 0 112 ) 
4 318 319 (1088 -64 64 ) (1088 0 64 ) (1208 0 64 ) (1208 -64 64 ) 
4 318 320 (1208 -72 64 ) (1088 -72 64 ) (1088 -64 64 ) (1208 -64 64 ) 
4 319 320 (1728 -64 64 ) (1088 -64 64 ) (1088 -64 16 ) (1536 -64 16 ) 
