PRT1
269
684
4 0 5 (1384 1472 576 ) (1384 1472 960 ) (1384 1536 960 ) (1384 1536 576 ) 
4 0 4 (1384 1472 960 ) (1384 1472 576 ) (1408 1472 576 ) (1408 1472 960 ) 
4 0 1 (1408 1472 576 ) (1664 1472 576 ) (1664 1472 960 ) (1408 1472 960 ) 
4 1 42 (1664 1024 576 ) (1664 1024 960 ) (1600 1024 960 ) (1600 1024 576 ) 
4 1 43 (1600 1024 960 ) (1408 1024 960 ) (1408 1024 576 ) (1600 1024 576 ) 
4 1 4 (1408 1472 960 ) (1408 1472 576 ) (1408 1024 576 ) (1408 1024 960 ) 
4 1 2 (1408 1024 576 ) (1408 1472 576 ) (1600 1472 576 ) (1600 1024 576 ) 
4 2 43 (1600 1024 576 ) (1408 1024 576 ) (1408 1024 280 ) (1600 1024 280 ) 
4 2 4 (1408 1472 576 ) (1408 1472 280 ) (1408 1024 280 ) (1408 1024 576 ) 
4 2 3 (1408 1024 280 ) (1408 1344 280 ) (1600 1344 280 ) (1600 1024 280 ) 
4 3 46 (1600 1024 128 ) (1600 1024 256 ) (1408 1024 256 ) (1408 1024 128 ) 
4 3 43 (1600 1024 256 ) (1600 1024 280 ) (1408 1024 280 ) (1408 1024 256 ) 
4 4 44 (1408 1024 280 ) (1408 1024 960 ) (1384 1024 960 ) (1384 1024 280 ) 
4 4 6 (1384 1024 280 ) (1384 1024 960 ) (1384 1472 960 ) (1384 1472 280 ) 
4 5 18 (1280 1472 576 ) (1280 1472 960 ) (1280 1536 960 ) (1280 1536 576 ) 
4 5 6 (1280 1472 960 ) (1280 1472 576 ) (1384 1472 576 ) (1384 1472 960 ) 
4 6 44 (1384 1024 280 ) (1384 1024 960 ) (1280 1024 960 ) (1280 1024 280 ) 
4 6 19 (1280 1024 280 ) (1280 1024 960 ) (1280 1472 960 ) (1280 1472 280 ) 
4 7 20 (1280 1328 -64 ) (1280 1328 56 ) (1280 1448 56 ) (1280 1448 -64 ) 
4 7 8 (1384 1328 -48 ) (1384 1328 56 ) (1280 1328 56 ) (1280 1328 -48 ) 
4 8 21 (1280 1296 144 ) (1280 1296 256 ) (1280 1328 256 ) (1280 1328 144 ) 
4 8 9 (1384 1296 -32 ) (1384 1296 256 ) (1280 1296 256 ) (1280 1296 -32 ) 
4 9 21 (1280 1264 144 ) (1280 1264 256 ) (1280 1296 256 ) (1280 1296 144 ) 
4 9 10 (1384 1264 -16 ) (1384 1264 256 ) (1280 1264 256 ) (1280 1264 -16 ) 
4 10 21 (1280 1232 144 ) (1280 1232 256 ) (1280 1264 256 ) (1280 1264 144 ) 
4 10 11 (1384 1232 0 ) (1384 1232 256 ) (1280 1232 256 ) (1280 1232 0 ) 
4 11 21 (1280 1200 144 ) (1280 1200 256 ) (1280 1232 256 ) (1280 1232 144 ) 
4 11 12 (1384 1200 16 ) (1384 1200 256 ) (1280 1200 256 ) (1280 1200 16 ) 
4 12 21 (1280 1168 144 ) (1280 1168 256 ) (1280 1200 256 ) (1280 1200 144 ) 
4 12 13 (1384 1168 32 ) (1384 1168 256 ) (1280 1168 256 ) (1280 1168 32 ) 
4 13 21 (1280 1136 144 ) (1280 1136 256 ) (1280 1168 256 ) (1280 1168 144 ) 
4 13 14 (1384 1136 48 ) (1384 1136 256 ) (1280 1136 256 ) (1280 1136 48 ) 
4 14 21 (1280 1104 144 ) (1280 1104 256 ) (1280 1136 256 ) (1280 1136 144 ) 
4 14 15 (1384 1104 64 ) (1384 1104 256 ) (1280 1104 256 ) (1280 1104 64 ) 
4 15 21 (1280 1072 144 ) (1280 1072 256 ) (1280 1104 256 ) (1280 1104 144 ) 
4 15 16 (1384 1072 80 ) (1384 1072 256 ) (1280 1072 256 ) (1280 1072 80 ) 
4 16 21 (1280 1040 144 ) (1280 1040 256 ) (1280 1072 256 ) (1280 1072 144 ) 
4 16 17 (1384 1040 96 ) (1384 1040 256 ) (1280 1040 256 ) (1280 1040 96 ) 
4 17 48 (1384 1024 96 ) (1384 1024 256 ) (1280 1024 256 ) (1280 1024 96 ) 
4 17 21 (1280 1024 144 ) (1280 1024 256 ) (1280 1040 256 ) (1280 1040 144 ) 
4 18 25 (1024 1472 576 ) (1024 1472 960 ) (1024 1536 960 ) (1024 1536 576 ) 
4 18 22 (1256 1472 960 ) (1024 1472 960 ) (1024 1472 576 ) (1256 1472 576 ) 
4 18 19 (1280 1472 576 ) (1280 1472 960 ) (1256 1472 960 ) (1256 1472 576 ) 
4 19 44 (1280 1024 280 ) (1280 1024 960 ) (1256 1024 960 ) (1256 1024 280 ) 
4 19 22 (1256 1472 960 ) (1256 1472 280 ) (1256 1024 280 ) (1256 1024 960 ) 
4 20 24 (1256 1328 -64 ) (1256 1328 56 ) (1256 1448 56 ) (1256 1448 -64 ) 
4 21 50 (1280 1024 144 ) (1280 1024 256 ) (1256 1024 256 ) (1256 1024 144 ) 
4 21 23 (1256 1024 144 ) (1256 1024 256 ) (1256 1328 256 ) (1256 1328 144 ) 
4 22 44 (1256 1024 280 ) (1256 1024 960 ) (1024 1024 960 ) (1024 1024 280 ) 
4 22 26 (1024 1024 280 ) (1024 1024 960 ) (1024 1472 960 ) (1024 1472 280 ) 
4 23 55 (1232 1024 256 ) (1024 1024 256 ) (1024 1024 128 ) (1232 1024 128 ) 
4 23 53 (1256 1024 128 ) (1256 1024 256 ) (1232 1024 256 ) (1232 1024 128 ) 
4 23 37 (1024 1024 128 ) (1024 1024 256 ) (1024 1064 256 ) (1024 1064 128 ) 
4 23 35 (1024 1064 256 ) (1024 1088 256 ) (1024 1088 128 ) (1024 1064 128 ) 
4 23 32 (1024 1088 256 ) (1024 1216 256 ) (1024 1216 128 ) (1024 1088 128 ) 
4 23 30 (1024 1216 256 ) (1024 1240 256 ) (1024 1240 128 ) (1024 1216 128 ) 
4 23 28 (1024 1240 256 ) (1024 1472 256 ) (1024 1472 128 ) (1024 1240 128 ) 
4 24 58 (1256 1024 -64 ) (1256 1024 64 ) (1024 1024 64 ) (1024 1024 -64 ) 
4 24 40 (1024 1024 -64 ) (1024 1024 64 ) (1024 1264 64 ) (1024 1264 -64 ) 
4 24 39 (1024 1264 64 ) (1024 1448 64 ) (1024 1448 -64 ) (1024 1264 -64 ) 
4 25 107 (0 1472 960 ) (0 1536 960 ) (0 1536 576 ) (0 1472 576 ) 
4 25 26 (1024 1472 576 ) (1024 1472 960 ) (144 1472 960 ) (144 1472 576 ) 
4 25 27 (144 1472 960 ) (0 1472 960 ) (0 1472 576 ) (144 1472 576 ) 
4 26 59 (1024 1024 280 ) (1024 1024 960 ) (144 1024 960 ) (144 1024 280 ) 
4 26 27 (144 1472 960 ) (144 1472 280 ) (144 1024 280 ) (144 1024 960 ) 
4 27 110 (0 1024 256 ) (0 1024 287 ) (0 1472 287 ) (0 1472 256 ) 
4 27 108 (0 1024 287 ) (0 1024 960 ) (0 1472 960 ) (0 1472 287 ) 
4 27 61 (0 1024 280 ) (0 1024 256 ) (144 1024 256 ) (144 1024 280 ) 
4 27 59 (144 1024 960 ) (0 1024 960 ) (0 1024 280 ) (144 1024 280 ) 
4 27 38 (144 1024 256 ) (0 1024 256 ) (0 1064 256 ) (144 1064 256 ) 
4 27 36 (0 1064 256 ) (0 1088 256 ) (144 1088 256 ) (144 1064 256 ) 
4 27 34 (0 1088 256 ) (0 1216 256 ) (144 1216 256 ) (144 1088 256 ) 
4 27 31 (0 1216 256 ) (0 1240 256 ) (144 1240 256 ) (144 1216 256 ) 
4 27 29 (0 1240 256 ) (0 1472 256 ) (144 1472 256 ) (144 1240 256 ) 
4 28 30 (240 1240 128 ) (1024 1240 128 ) (1024 1240 256 ) (240 1240 256 ) 
4 29 110 (0 1240 256 ) (0 1472 256 ) (0 1472 128 ) (0 1240 128 ) 
4 29 31 (0 1240 128 ) (200 1240 128 ) (200 1240 256 ) (0 1240 256 ) 
4 30 32 (240 1216 128 ) (1024 1216 128 ) (1024 1216 256 ) (240 1216 256 ) 
4 31 110 (0 1216 256 ) (0 1240 256 ) (0 1240 128 ) (0 1216 128 ) 
4 31 34 (0 1216 128 ) (200 1216 128 ) (200 1216 256 ) (0 1216 256 ) 
4 32 35 (240 1088 128 ) (1024 1088 128 ) (1024 1088 256 ) (240 1088 256 ) 
4 32 33 (240 1216 232 ) (240 1216 128 ) (240 1088 128 ) (240 1088 232 ) 
4 33 34 (200 1216 232 ) (200 1216 128 ) (200 1088 128 ) (200 1088 232 ) 
4 34 110 (0 1088 256 ) (0 1216 256 ) (0 1216 128 ) (0 1088 128 ) 
4 34 36 (0 1088 128 ) (200 1088 128 ) (200 1088 256 ) (0 1088 256 ) 
4 35 37 (240 1064 128 ) (1024 1064 128 ) (1024 1064 256 ) (240 1064 256 ) 
4 36 110 (0 1064 256 ) (0 1088 256 ) (0 1088 128 ) (0 1064 128 ) 
4 36 38 (0 1064 128 ) (200 1064 128 ) (200 1064 256 ) (0 1064 256 ) 
4 37 100 (296 1024 256 ) (232 1024 256 ) (232 1024 128 ) (296 1024 128 ) 
4 37 93 (296 1024 156 ) (296 1024 128 ) (304 1024 128 ) (304 1024 156 ) 
4 37 92 (296 1024 212 ) (296 1024 156 ) (304 1024 156 ) (304 1024 212 ) 
4 37 91 (304 1024 256 ) (296 1024 256 ) (296 1024 212 ) (304 1024 212 ) 
4 37 85 (304 1024 156 ) (304 1024 128 ) (408 1024 128 ) (408 1024 156 ) 
4 37 84 (304 1024 164 ) (304 1024 156 ) (408 1024 156 ) (408 1024 164 ) 
4 37 81 (304 1024 204 ) (304 1024 164 ) (408 1024 164 ) (408 1024 204 ) 
4 37 80 (304 1024 212 ) (304 1024 204 ) (408 1024 204 ) (408 1024 212 ) 
4 37 79 (408 1024 256 ) (304 1024 256 ) (304 1024 212 ) (408 1024 212 ) 
4 37 77 (408 1024 156 ) (408 1024 128 ) (416 1024 128 ) (416 1024 156 ) 
4 37 75 (408 1024 212 ) (408 1024 156 ) (416 1024 156 ) (416 1024 212 ) 
4 37 73 (416 1024 256 ) (408 1024 256 ) (408 1024 212 ) (416 1024 212 ) 
4 37 68 (616 1024 256 ) (416 1024 256 ) (416 1024 128 ) (616 1024 128 ) 
4 37 64 (1000 1024 256 ) (616 1024 256 ) (616 1024 128 ) (1000 1024 128 ) 
4 37 62 (1024 1024 128 ) (1024 1024 256 ) (1000 1024 256 ) (1000 1024 128 ) 
4 38 110 (0 1024 128 ) (0 1024 256 ) (0 1064 256 ) (0 1064 128 ) 
4 38 103 (208 1024 256 ) (0 1024 256 ) (0 1024 128 ) (208 1024 128 ) 
4 39 41 (744 1448 64 ) (744 1448 -64 ) (744 1264 -64 ) (744 1264 64 ) 
4 39 40 (864 1264 -64 ) (1024 1264 -64 ) (1024 1264 64 ) (864 1264 64 ) 
4 40 104 (1024 1024 -64 ) (1024 1024 64 ) (864 1024 64 ) (864 1024 -64 ) 
4 41 111 (0 1024 -64 ) (0 1024 64 ) (0 1448 64 ) (0 1448 -64 ) 
4 41 106 (8 1024 64 ) (0 1024 64 ) (0 1024 -64 ) (8 1024 -64 ) 
4 41 105 (744 1024 -64 ) (744 1024 64 ) (8 1024 64 ) (8 1024 -64 ) 
4 42 192 (1664 0 960 ) (1600 0 960 ) (1600 0 576 ) (1664 0 576 ) 
4 42 43 (1600 0 576 ) (1600 0 960 ) (1600 1024 960 ) (1600 1024 576 ) 
4 43 194 (1472 0 960 ) (1408 0 960 ) (1408 0 256 ) (1472 0 256 ) 
4 43 193 (1600 0 960 ) (1472 0 960 ) (1472 0 256 ) (1600 0 256 ) 
4 43 47 (1600 0 256 ) (1408 0 256 ) (1408 872 256 ) (1600 872 256 ) 
4 43 46 (1408 872 256 ) (1408 1024 256 ) (1600 1024 256 ) (1600 872 256 ) 
4 43 44 (1408 832 280 ) (1408 832 960 ) (1408 1024 960 ) (1408 1024 280 ) 
4 43 45 (1408 832 256 ) (1408 0 256 ) (1408 0 960 ) (1408 832 960 ) 
4 44 59 (1024 1024 960 ) (1024 1024 280 ) (1024 832 280 ) (1024 832 960 ) 
4 44 45 (1408 832 280 ) (1408 832 960 ) (1024 832 960 ) (1024 832 280 ) 
4 45 213 (1184 0 256 ) (1280 0 256 ) (1280 0 416 ) (1184 0 416 ) 
4 45 215 (1024 0 416 ) (1024 0 256 ) (1184 0 256 ) (1184 0 416 ) 
4 45 212 (1280 0 960 ) (1024 0 960 ) (1024 0 416 ) (1280 0 416 ) 
4 45 194 (1408 0 960 ) (1280 0 960 ) (1280 0 256 ) (1408 0 256 ) 
4 45 60 (1024 832 256 ) (1024 0 256 ) (1024 0 280 ) (1024 832 280 ) 
4 45 59 (1024 0 280 ) (1024 0 960 ) (1024 832 960 ) (1024 832 280 ) 
4 45 57 (1232 0 256 ) (1024 0 256 ) (1024 832 256 ) (1232 832 256 ) 
4 45 54 (1256 0 256 ) (1232 0 256 ) (1232 832 256 ) (1256 832 256 ) 
4 45 52 (1384 0 256 ) (1256 0 256 ) (1256 832 256 ) (1384 832 256 ) 
4 45 47 (1408 0 256 ) (1384 0 256 ) (1384 832 256 ) (1408 832 256 ) 
4 46 47 (1600 872 256 ) (1408 872 256 ) (1408 872 128 ) (1600 872 128 ) 
4 47 194 (1472 0 256 ) (1384 0 256 ) (1384 0 128 ) (1472 0 128 ) 
4 47 193 (1600 0 256 ) (1472 0 256 ) (1472 0 128 ) (1600 0 128 ) 
4 47 52 (1384 0 128 ) (1384 0 256 ) (1384 872 256 ) (1384 872 128 ) 
4 48 50 (1280 1008 144 ) (1280 1008 256 ) (1280 1024 256 ) (1280 1024 144 ) 
4 48 49 (1280 1008 256 ) (1280 1008 112 ) (1384 1008 112 ) (1384 1008 256 ) 
4 49 51 (1384 976 128 ) (1384 976 256 ) (1280 976 256 ) (1280 976 128 ) 
4 49 50 (1280 976 144 ) (1280 976 256 ) (1280 1008 256 ) (1280 1008 144 ) 
4 50 53 (1256 976 144 ) (1256 976 256 ) (1256 1024 256 ) (1256 1024 144 ) 
4 50 51 (1256 976 256 ) (1256 976 144 ) (1280 976 144 ) (1280 976 256 ) 
4 51 53 (1256 904 256 ) (1256 976 256 ) (1256 976 128 ) (1256 904 128 ) 
4 52 213 (1280 0 256 ) (1256 0 256 ) (1256 0 128 ) (1280 0 128 ) 
4 52 194 (1384 0 256 ) (1280 0 256 ) (1280 0 128 ) (1384 0 128 ) 
4 52 54 (1256 0 128 ) (1256 0 256 ) (1256 864 256 ) (1256 864 128 ) 
4 53 55 (1232 1024 128 ) (1232 904 128 ) (1232 904 256 ) (1232 1024 256 ) 
4 54 213 (1256 0 256 ) (1232 0 256 ) (1232 0 128 ) (1256 0 128 ) 
4 54 57 (1232 864 128 ) (1232 0 128 ) (1232 0 256 ) (1232 864 256 ) 
4 55 62 (1024 1024 256 ) (1024 1024 128 ) (1024 904 128 ) (1024 904 256 ) 
4 55 56 (1024 904 128 ) (1232 904 128 ) (1232 904 232 ) (1024 904 232 ) 
4 56 57 (1024 864 128 ) (1232 864 128 ) (1232 864 232 ) (1024 864 232 ) 
4 57 213 (1232 0 256 ) (1184 0 256 ) (1184 0 128 ) (1232 0 128 ) 
4 57 215 (1184 0 256 ) (1024 0 256 ) (1024 0 128 ) (1184 0 128 ) 
4 57 63 (1024 864 128 ) (1024 0 128 ) (1024 0 256 ) (1024 864 256 ) 
4 58 104 (1024 1024 64 ) (1024 1024 -64 ) (1024 976 -64 ) (1024 976 64 ) 
4 59 225 (1024 0 280 ) (1024 0 960 ) (0 0 960 ) (0 0 280 ) 
4 59 116 (0 0 280 ) (0 0 960 ) (0 896 960 ) (0 896 280 ) 
4 59 114 (0 896 960 ) (0 1024 960 ) (0 1024 280 ) (0 896 280 ) 
4 59 60 (1024 832 280 ) (1024 0 280 ) (144 0 280 ) (144 832 280 ) 
4 59 61 (144 0 280 ) (0 0 280 ) (0 1024 280 ) (144 1024 280 ) 
4 60 225 (1024 0 256 ) (1024 0 280 ) (144 0 280 ) (144 0 256 ) 
4 60 102 (232 0 256 ) (208 0 256 ) (208 832 256 ) (232 832 256 ) 
4 60 103 (208 0 256 ) (144 0 256 ) (144 832 256 ) (208 832 256 ) 
4 60 101 (296 0 256 ) (232 0 256 ) (232 832 256 ) (296 832 256 ) 
4 60 94 (408 0 256 ) (296 0 256 ) (296 832 256 ) (408 832 256 ) 
4 60 74 (416 0 256 ) (408 0 256 ) (408 832 256 ) (416 832 256 ) 
4 60 72 (616 0 256 ) (416 0 256 ) (416 832 256 ) (616 832 256 ) 
4 60 67 (1000 0 256 ) (616 0 256 ) (616 832 256 ) (1000 832 256 ) 
4 60 63 (1024 0 256 ) (1000 0 256 ) (1000 832 256 ) (1024 832 256 ) 
4 60 61 (144 832 256 ) (144 0 256 ) (144 0 280 ) (144 832 280 ) 
4 61 225 (144 0 280 ) (0 0 280 ) (0 0 256 ) (144 0 256 ) 
4 61 116 (0 0 256 ) (0 0 280 ) (0 896 280 ) (0 896 256 ) 
4 61 114 (0 896 280 ) (0 1024 280 ) (0 1024 256 ) (0 896 256 ) 
4 61 103 (144 0 256 ) (0 0 256 ) (0 1024 256 ) (144 1024 256 ) 
4 62 65 (1000 920 128 ) (1000 904 128 ) (1000 904 256 ) (1000 920 256 ) 
4 62 64 (1000 1024 128 ) (1000 920 128 ) (1000 920 256 ) (1000 1024 256 ) 
4 63 225 (1024 0 128 ) (1024 0 256 ) (1000 0 256 ) (1000 0 128 ) 
4 63 67 (1000 864 128 ) (1000 0 128 ) (1000 0 256 ) (1000 864 256 ) 
4 64 68 (616 1024 128 ) (616 928 128 ) (616 928 256 ) (616 1024 256 ) 
4 64 65 (808 920 128 ) (1000 920 128 ) (1000 920 256 ) (808 920 256 ) 
4 66 72 (616 888 128 ) (616 872 128 ) (616 872 256 ) (616 888 256 ) 
4 66 67 (616 872 256 ) (616 872 128 ) (808 872 128 ) (808 872 256 ) 
4 67 225 (1000 0 256 ) (616 0 256 ) (616 0 128 ) (1000 0 128 ) 
4 67 72 (616 872 128 ) (616 0 128 ) (616 0 256 ) (616 872 256 ) 
4 68 77 (416 1024 128 ) (416 928 128 ) (416 928 156 ) (416 1024 156 ) 
4 68 75 (416 928 156 ) (416 928 212 ) (416 1024 212 ) (416 1024 156 ) 
4 68 73 (416 928 212 ) (416 928 256 ) (416 1024 256 ) (416 1024 212 ) 
4 68 70 (416 928 256 ) (416 928 128 ) (488 928 128 ) (488 928 256 ) 
4 68 69 (512 928 128 ) (592 928 128 ) (592 928 232 ) (512 928 232 ) 
4 69 72 (512 888 128 ) (592 888 128 ) (592 888 232 ) (512 888 232 ) 
4 70 77 (416 928 128 ) (416 920 128 ) (416 920 156 ) (416 928 156 ) 
4 70 75 (416 924 212 ) (416 928 212 ) (416 928 156 ) (416 924 156 ) 
4 70 73 (416 920 212 ) (416 920 256 ) (416 928 256 ) (416 928 212 ) 
4 71 78 (416 896 128 ) (416 888 128 ) (416 888 156 ) (416 896 156 ) 
4 71 76 (416 888 156 ) (416 888 212 ) (416 892 212 ) (416 892 156 ) 
4 71 74 (416 888 212 ) (416 888 256 ) (416 896 256 ) (416 896 212 ) 
4 71 72 (416 888 256 ) (416 888 128 ) (488 888 128 ) (488 888 256 ) 
4 72 225 (616 0 256 ) (416 0 256 ) (416 0 128 ) (616 0 128 ) 
4 72 78 (416 888 128 ) (416 0 128 ) (416 0 156 ) (416 888 156 ) 
4 72 76 (416 0 156 ) (416 0 212 ) (416 888 212 ) (416 888 156 ) 
4 72 74 (416 0 212 ) (416 0 256 ) (416 888 256 ) (416 888 212 ) 
4 73 79 (408 920 256 ) (408 1024 256 ) (408 1024 212 ) (408 920 212 ) 
4 73 75 (408 924 212 ) (408 1024 212 ) (416 1024 212 ) (416 924 212 ) 
4 74 225 (416 0 256 ) (408 0 256 ) (408 0 212 ) (416 0 212 ) 
4 74 94 (408 0 212 ) (408 0 256 ) (408 896 256 ) (408 896 212 ) 
4 74 76 (408 0 212 ) (408 892 212 ) (416 892 212 ) (416 0 212 ) 
4 75 84 (408 1024 164 ) (408 1024 156 ) (408 924 156 ) (408 924 164 ) 
4 75 81 (408 1024 204 ) (408 1024 164 ) (408 924 164 ) (408 924 204 ) 
4 75 80 (408 924 212 ) (408 1024 212 ) (408 1024 204 ) (408 924 204 ) 
4 75 77 (408 924 156 ) (408 1024 156 ) (416 1024 156 ) (416 924 156 ) 
4 76 225 (408 0 212 ) (408 0 156 ) (416 0 156 ) (416 0 212 ) 
4 76 98 (408 0 156 ) (408 0 212 ) (408 892 212 ) (408 892 156 ) 
4 76 78 (408 0 156 ) (408 892 156 ) (416 892 156 ) (416 0 156 ) 
4 77 85 (408 1024 128 ) (408 920 128 ) (408 920 156 ) (408 1024 156 ) 
4 78 225 (408 0 156 ) (408 0 128 ) (416 0 128 ) (416 0 156 ) 
4 78 99 (408 896 128 ) (408 0 128 ) (408 0 156 ) (408 896 156 ) 
4 79 91 (304 920 256 ) (304 1024 256 ) (304 1024 212 ) (304 920 212 ) 
4 79 80 (304 924 212 ) (304 1024 212 ) (408 1024 212 ) (408 924 212 ) 
4 80 92 (304 924 212 ) (304 1024 212 ) (304 1024 204 ) (304 924 204 ) 
4 80 81 (304 924 204 ) (304 1024 204 ) (408 1024 204 ) (408 924 204 ) 
4 81 92 (304 924 204 ) (304 1024 204 ) (304 1024 164 ) (304 924 164 ) 
4 81 84 (304 924 164 ) (304 1024 164 ) (408 1024 164 ) (408 924 164 ) 
5 81 83 (304 912 164 ) (408 912 164 ) (408 912 177.097015 ) (307.595032 912 204 ) (304 912 204 ) 
3 81 82 (408 912 185.378998 ) (408 912 204 ) (338.505066 912 204 ) 
3 82 87 (380 910 196 ) (368.361633 910 196 ) (380 910 192.881531 ) 
4 82 86 (390 910 204 ) (338.505066 910 204 ) (368.361633 910 196 ) (390 910 196 ) 
4 83 90 (340 910 164 ) (376 910 164 ) (376 910 172 ) (340 910 172 ) 
4 83 89 (328 910 172 ) (372 910 172 ) (372 910 180 ) (328 910 180 ) 
5 83 88 (318 910 180 ) (368 910 180 ) (368 910 187.814804 ) (367.308838 910 188 ) (318 910 188 ) 
4 83 87 (330 910 188 ) (367.308838 910 188 ) (337.451935 910 196 ) (330 910 196 ) 
3 83 86 (326 910 196 ) (337.451935 910 196 ) (326 910 199.068481 ) 
4 84 92 (304 924 164 ) (304 1024 164 ) (304 1024 156 ) (304 924 156 ) 
4 84 85 (304 924 156 ) (304 1024 156 ) (408 1024 156 ) (408 924 156 ) 
4 85 93 (304 1024 128 ) (304 920 128 ) (304 920 156 ) (304 1024 156 ) 
4 86 95 (390 906 204 ) (326 906 204 ) (326 906 196 ) (390 906 196 ) 
4 86 87 (380 906 196 ) (330 906 196 ) (330 910 196 ) (380 910 196 ) 
4 87 95 (380 906 196 ) (330 906 196 ) (330 906 188 ) (380 906 188 ) 
4 87 88 (368 906 188 ) (330 906 188 ) (330 910 188 ) (368 910 188 ) 
5 88 95 (368 906 188 ) (318 906 188 ) (318 906 180 ) (362.026978 906 180 ) (368 906 181.600510 ) 
4 88 89 (368 906 180 ) (328 906 180 ) (328 910 180 ) (368 910 180 ) 
3 89 96 (363.079468 906 172 ) (372 906 172 ) (372 906 174.390167 ) 
4 89 95 (362.026978 906 180 ) (328 906 180 ) (328 906 172 ) (332.171478 906 172 ) 
4 89 90 (372 906 172 ) (340 906 172 ) (340 910 172 ) (372 910 172 ) 
5 90 96 (376 906 172 ) (363.079498 906 172 ) (340 906 165.816101 ) (340 906 164 ) (376 906 164 ) 
4 91 100 (296 920 256 ) (296 1024 256 ) (296 1024 212 ) (296 920 212 ) 
4 91 92 (304 1024 212 ) (304 924 212 ) (296 924 212 ) (296 1024 212 ) 
4 92 100 (296 924 212 ) (296 1024 212 ) (296 1024 156 ) (296 924 156 ) 
4 92 93 (304 1024 156 ) (304 924 156 ) (296 924 156 ) (296 1024 156 ) 
4 93 100 (296 1024 128 ) (296 920 128 ) (296 920 156 ) (296 1024 156 ) 
4 94 225 (408 0 256 ) (296 0 256 ) (296 0 212 ) (408 0 212 ) 
4 94 101 (296 0 212 ) (296 0 256 ) (296 896 256 ) (296 896 212 ) 
4 94 98 (296 0 212 ) (296 892 212 ) (408 892 212 ) (408 0 212 ) 
4 95 97 (408 904 192.317993 ) (408 904 204 ) (304 904 204 ) (304 904 164.450439 ) 
3 96 97 (333.222992 904 164 ) (408 904 164 ) (408 904 184.035721 ) 
4 97 98 (408 892 164 ) (408 892 204 ) (304 892 204 ) (304 892 164 ) 
4 98 225 (296 0 212 ) (296 0 156 ) (408 0 156 ) (408 0 212 ) 
4 98 101 (296 0 156 ) (296 0 212 ) (296 892 212 ) (296 892 156 ) 
4 98 99 (296 0 156 ) (296 892 156 ) (408 892 156 ) (408 0 156 ) 
4 99 225 (296 0 156 ) (296 0 128 ) (408 0 128 ) (408 0 156 ) 
4 99 101 (296 896 128 ) (296 0 128 ) (296 0 156 ) (296 896 156 ) 
4 101 225 (296 0 256 ) (232 0 256 ) (232 0 128 ) (296 0 128 ) 
4 101 102 (232 896 128 ) (232 0 128 ) (232 0 256 ) (232 896 256 ) 
4 102 225 (232 0 256 ) (208 0 256 ) (208 0 128 ) (232 0 128 ) 
4 102 103 (208 896 128 ) (208 0 128 ) (208 0 256 ) (208 896 256 ) 
4 103 225 (208 0 256 ) (0 0 256 ) (0 0 128 ) (208 0 128 ) 
4 103 116 (0 0 128 ) (0 0 256 ) (0 896 256 ) (0 896 128 ) 
4 103 114 (0 896 256 ) (0 1024 256 ) (0 1024 128 ) (0 896 128 ) 
4 105 106 (8 976 -64 ) (8 976 64 ) (8 1024 64 ) (8 1024 -64 ) 
4 106 117 (0 832 -64 ) (0 832 64 ) (0 896 64 ) (0 896 -64 ) 
4 106 115 (0 896 64 ) (0 1024 64 ) (0 1024 -64 ) (0 896 -64 ) 
4 107 167 (-1024 1536 960 ) (-1024 1536 576 ) (-1024 1472 576 ) (-1024 1472 960 ) 
4 107 109 (-1024 1472 960 ) (-1024 1472 576 ) (-896 1472 576 ) (-896 1472 960 ) 
4 107 108 (-896 1472 576 ) (0 1472 576 ) (0 1472 960 ) (-896 1472 960 ) 
4 108 114 (0 1024 287 ) (0 1024 960 ) (-896 1024 960 ) (-896 1024 287 ) 
4 108 110 (-896 1472 287 ) (0 1472 287 ) (0 1024 287 ) (-896 1024 287 ) 
4 108 109 (-896 1024 960 ) (-896 1472 960 ) (-896 1472 312 ) (-896 1024 312 ) 
4 109 176 (-1024 1024 312 ) (-1024 1024 960 ) (-1024 1088 960 ) (-1024 1088 312 ) 
4 109 169 (-1024 1088 960 ) (-1024 1472 960 ) (-1024 1472 312 ) (-1024 1088 312 ) 
4 109 114 (-896 1024 960 ) (-1024 1024 960 ) (-1024 1024 312 ) (-896 1024 312 ) 
4 110 114 (0 1024 128 ) (0 1024 287 ) (-960 1024 287 ) (-960 1024 128 ) 
4 110 113 (-960 1024 128 ) (-960 1024 287 ) (-960 1088 287 ) (-960 1088 128 ) 
4 110 112 (-960 1120 287 ) (-960 1440 287 ) (-960 1440 128 ) (-960 1120 128 ) 
4 111 115 (0 1024 -64 ) (0 1024 64 ) (-224 1024 64 ) (-224 1024 -64 ) 
4 112 170 (-1024 1120 96 ) (-1024 1120 287 ) (-1024 1440 287 ) (-1024 1440 96 ) 
4 113 177 (-1024 1024 128 ) (-1024 1024 287 ) (-1024 1088 287 ) (-1024 1088 128 ) 
4 113 114 (-960 1024 128 ) (-960 1024 287 ) (-1024 1024 287 ) (-1024 1024 128 ) 
4 114 180 (-1024 1024 960 ) (-1024 1024 128 ) (-1024 896 128 ) (-1024 896 960 ) 
4 114 116 (0 896 128 ) (0 896 960 ) (-1024 896 960 ) (-1024 896 128 ) 
4 115 117 (0 896 -64 ) (0 896 64 ) (-224 896 64 ) (-224 896 -64 ) 
4 116 230 (0 0 128 ) (0 0 960 ) (-1024 0 960 ) (-1024 0 128 ) 
4 116 181 (-1024 0 128 ) (-1024 0 960 ) (-1024 896 960 ) (-1024 896 128 ) 
4 117 118 (-224 896 44 ) (-224 896 -64 ) (-224 832 -64 ) (-224 832 44 ) 
4 118 154 (-256 848 -64 ) (-256 832 -64 ) (-256 832 -40 ) (-256 848 -40 ) 
4 118 153 (-256 832 -40 ) (-256 832 44 ) (-256 848 44 ) (-256 848 -40 ) 
4 118 119 (-256 896 44 ) (-256 896 -64 ) (-256 848 -64 ) (-256 848 44 ) 
4 119 182 (-1024 896 48 ) (-1024 896 -64 ) (-1024 848 -64 ) (-1024 848 48 ) 
4 119 159 (-320 848 -40 ) (-712 848 -40 ) (-712 848 -64 ) (-393.714264 848 -64 ) 
4 119 161 (-712 848 -40 ) (-1024 848 -40 ) (-1024 848 -64 ) (-712 848 -64 ) 
4 119 154 (-256 848 -64 ) (-256 848 -40 ) (-304 848 -40 ) (-304 848 -64 ) 
4 119 153 (-256 848 -40 ) (-256 848 48 ) (-1024 848 48 ) (-1024 848 -40 ) 
4 119 120 (-304 848 -64 ) (-1024 848 -64 ) (-1024 896 -64 ) (-304 896 -64 ) 
4 120 182 (-1024 896 -64 ) (-1024 896 -72 ) (-1024 848 -72 ) (-1024 848 -64 ) 
4 120 159 (-393.714264 848 -64 ) (-712 848 -64 ) (-712 848 -72 ) (-418.285675 848 -72 ) 
4 120 161 (-712 848 -64 ) (-1024 848 -64 ) (-1024 848 -72 ) (-712 848 -72 ) 
4 120 122 (-328 848 -72 ) (-1024 848 -72 ) (-1024 896 -72 ) (-328 896 -72 ) 
4 121 155 (-256 848 -80 ) (-256 848 -72 ) (-304 848 -72 ) (-304 848 -80 ) 
4 121 123 (-256 848 -80 ) (-304 848 -80 ) (-304 896 -80 ) (-256 896 -80 ) 
4 122 182 (-1024 896 -72 ) (-1024 896 -80 ) (-1024 848 -80 ) (-1024 848 -72 ) 
4 122 159 (-418.285706 848 -72 ) (-712 848 -72 ) (-712 848 -80 ) (-442.857147 848 -80 ) 
4 122 161 (-712 848 -72 ) (-1024 848 -72 ) (-1024 848 -80 ) (-712 848 -80 ) 
4 122 125 (-352 848 -80 ) (-376 848 -80 ) (-376 896 -80 ) (-352 896 -80 ) 
4 122 126 (-376 848 -80 ) (-1024 848 -80 ) (-1024 896 -80 ) (-376 896 -80 ) 
5 123 158 (-328 848 -90.604637 ) (-328 848 -96 ) (-304 848 -96 ) (-304 848 -88 ) (-320 848 -88 ) 
4 123 155 (-256 848 -96 ) (-256 848 -80 ) (-304 848 -80 ) (-304 848 -96 ) 
4 123 127 (-256 848 -96 ) (-328 848 -96 ) (-328 896 -96 ) (-256 896 -96 ) 
4 123 124 (-328 896 -96 ) (-328 848 -96 ) (-328 848 -88 ) (-328 896 -88 ) 
3 124 158 (-344.571472 848 -96 ) (-328 848 -96 ) (-328 848 -90.604637 ) 
4 124 127 (-328 848 -96 ) (-352 848 -96 ) (-352 896 -96 ) (-328 896 -96 ) 
4 125 126 (-376 848 -88 ) (-376 848 -80 ) (-376 896 -80 ) (-376 896 -88 ) 
4 126 182 (-1024 896 -80 ) (-1024 896 -96 ) (-1024 848 -96 ) (-1024 848 -80 ) 
4 126 159 (-442.857117 848 -80 ) (-712 848 -80 ) (-712 848 -96 ) (-492 848 -96 ) 
4 126 161 (-712 848 -80 ) (-1024 848 -80 ) (-1024 848 -96 ) (-712 848 -96 ) 
4 126 135 (-472 848 -96 ) (-496 848 -96 ) (-496 896 -96 ) (-472 896 -96 ) 
4 126 136 (-496 848 -96 ) (-1024 848 -96 ) (-1024 896 -96 ) (-496 896 -96 ) 
4 126 133 (-448 848 -96 ) (-472 848 -96 ) (-472 896 -96 ) (-448 896 -96 ) 
4 126 131 (-424 848 -96 ) (-448 848 -96 ) (-448 896 -96 ) (-424 896 -96 ) 
4 126 129 (-400 848 -96 ) (-424 848 -96 ) (-424 896 -96 ) (-400 896 -96 ) 
5 127 158 (-304 848 -96 ) (-344.571442 848 -96 ) (-376 848 -106.232559 ) (-376 848 -136 ) (-304 848 -136 ) 
4 127 155 (-256 848 -136 ) (-256 848 -96 ) (-304 848 -96 ) (-304 848 -136 ) 
4 127 137 (-256 848 -136 ) (-376 848 -136 ) (-376 896 -136 ) (-256 896 -136 ) 
4 127 128 (-376 896 -136 ) (-376 848 -136 ) (-376 848 -104 ) (-376 896 -104 ) 
4 128 158 (-400 848 -114.046509 ) (-400 848 -136 ) (-376 848 -136 ) (-376 848 -106.232552 ) 
4 128 137 (-376 848 -136 ) (-400 848 -136 ) (-400 896 -136 ) (-376 896 -136 ) 
4 128 130 (-400 896 -136 ) (-400 848 -136 ) (-400 848 -112 ) (-400 896 -112 ) 
4 129 131 (-424 848 -104 ) (-424 848 -96 ) (-424 896 -96 ) (-424 896 -104 ) 
4 130 158 (-424 848 -121.860458 ) (-424 848 -136 ) (-400 848 -136 ) (-400 848 -114.046509 ) 
4 130 137 (-400 848 -136 ) (-424 848 -136 ) (-424 896 -136 ) (-400 896 -136 ) 
4 130 132 (-424 896 -136 ) (-424 848 -136 ) (-424 848 -120 ) (-424 896 -120 ) 
4 131 133 (-448 848 -112 ) (-448 848 -96 ) (-448 896 -96 ) (-448 896 -112 ) 
4 132 158 (-448 848 -129.674408 ) (-448 848 -136 ) (-424 848 -136 ) (-424 848 -121.860451 ) 
4 132 137 (-424 848 -136 ) (-448 848 -136 ) (-448 896 -136 ) (-424 896 -136 ) 
4 132 134 (-448 896 -136 ) (-448 848 -136 ) (-448 848 -128 ) (-448 896 -128 ) 
4 133 135 (-472 848 -120 ) (-472 848 -96 ) (-472 896 -96 ) (-472 896 -120 ) 
3 134 158 (-467.428558 848 -136 ) (-448 848 -136 ) (-448 848 -129.674408 ) 
4 134 137 (-448 848 -136 ) (-472 848 -136 ) (-472 896 -136 ) (-448 896 -136 ) 
3 135 159 (-492 848 -96 ) (-496 848 -96 ) (-496 848 -97.302338 ) 
4 135 136 (-496 848 -128 ) (-496 848 -96 ) (-496 896 -96 ) (-496 896 -128 ) 
4 136 182 (-1024 896 -96 ) (-1024 896 -136 ) (-1024 848 -136 ) (-1024 848 -96 ) 
5 136 159 (-496 848 -96 ) (-712 848 -96 ) (-712 848 -136 ) (-614.857117 848 -136 ) (-496 848 -97.302338 ) 
4 136 161 (-712 848 -96 ) (-1024 848 -96 ) (-1024 848 -136 ) (-712 848 -136 ) 
4 136 143 (-568 848 -136 ) (-592 848 -136 ) (-592 896 -136 ) (-568 896 -136 ) 
4 136 144 (-592 848 -136 ) (-1024 848 -136 ) (-1024 896 -136 ) (-592 896 -136 ) 
4 136 141 (-544 848 -136 ) (-568 848 -136 ) (-568 896 -136 ) (-544 896 -136 ) 
4 136 139 (-520 848 -136 ) (-544 848 -136 ) (-544 896 -136 ) (-520 896 -136 ) 
4 137 160 (-496 848 -152 ) (-496 848 -168 ) (-304 848 -168 ) (-304 848 -152 ) 
5 137 158 (-304 848 -136 ) (-467.428558 848 -136 ) (-496 848 -145.302322 ) (-496 848 -152 ) (-304 848 -152 ) 
4 137 155 (-256 848 -168 ) (-256 848 -136 ) (-304 848 -136 ) (-304 848 -168 ) 
4 137 145 (-256 848 -168 ) (-496 848 -168 ) (-496 896 -168 ) (-256 896 -168 ) 
4 137 138 (-496 896 -168 ) (-496 848 -168 ) (-496 848 -144 ) (-496 896 -144 ) 
5 138 160 (-520 848 -153.116257 ) (-520 848 -168 ) (-496 848 -168 ) (-496 848 -152 ) (-516.571472 848 -152 ) 
3 138 158 (-516.571472 848 -152 ) (-496 848 -152 ) (-496 848 -145.302322 ) 
4 138 145 (-496 848 -168 ) (-520 848 -168 ) (-520 896 -168 ) (-496 896 -168 ) 
4 138 140 (-520 896 -168 ) (-520 848 -168 ) (-520 848 -152 ) (-520 896 -152 ) 
4 139 141 (-544 848 -144 ) (-544 848 -136 ) (-544 896 -136 ) (-544 896 -144 ) 
4 140 160 (-544 848 -160.930222 ) (-544 848 -168 ) (-520 848 -168 ) (-520 848 -153.116257 ) 
4 140 145 (-520 848 -168 ) (-544 848 -168 ) (-544 896 -168 ) (-520 896 -168 ) 
4 140 142 (-544 896 -168 ) (-544 848 -168 ) (-544 848 -160 ) (-544 896 -160 ) 
4 141 143 (-568 848 -152 ) (-568 848 -136 ) (-568 896 -136 ) (-568 896 -152 ) 
3 142 160 (-565.714294 848 -168 ) (-544 848 -168 ) (-544 848 -160.930222 ) 
4 142 145 (-544 848 -168 ) (-568 848 -168 ) (-568 896 -168 ) (-544 896 -168 ) 
4 143 144 (-592 848 -160 ) (-592 848 -136 ) (-592 896 -136 ) (-592 896 -160 ) 
4 144 182 (-1024 896 -136 ) (-1024 896 -168 ) (-1024 848 -168 ) (-1024 848 -136 ) 
4 144 159 (-614.857117 848 -136 ) (-712 848 -136 ) (-712 848 -152 ) (-664 848 -152 ) 
4 144 161 (-712 848 -136 ) (-1024 848 -136 ) (-1024 848 -168 ) (-712 848 -168 ) 
4 144 149 (-640 848 -168 ) (-664 848 -168 ) (-664 896 -168 ) (-640 896 -168 ) 
4 144 150 (-664 848 -168 ) (-1024 848 -168 ) (-1024 896 -168 ) (-664 896 -168 ) 
4 144 147 (-616 848 -168 ) (-640 848 -168 ) (-640 896 -168 ) (-616 896 -168 ) 
5 145 160 (-304 848 -168 ) (-565.714355 848 -168 ) (-592 848 -176.558121 ) (-592 848 -192 ) (-304 848 -192 ) 
4 145 155 (-256 848 -192 ) (-256 848 -168 ) (-304 848 -168 ) (-304 848 -192 ) 
4 145 151 (-256 848 -192 ) (-592 848 -192 ) (-592 896 -192 ) (-256 896 -192 ) 
4 145 146 (-592 896 -192 ) (-592 848 -192 ) (-592 848 -176 ) (-592 896 -176 ) 
4 146 160 (-616 848 -184.372070 ) (-616 848 -192 ) (-592 848 -192 ) (-592 848 -176.558121 ) 
4 146 151 (-592 848 -192 ) (-616 848 -192 ) (-616 896 -192 ) (-592 896 -192 ) 
4 146 148 (-616 896 -192 ) (-616 848 -192 ) (-616 848 -184 ) (-616 896 -184 ) 
4 147 149 (-640 848 -176 ) (-640 848 -168 ) (-640 896 -168 ) (-640 896 -176 ) 
3 148 160 (-639.428589 848 -192 ) (-616 848 -192 ) (-616 848 -184.372070 ) 
4 148 151 (-616 848 -192 ) (-640 848 -192 ) (-640 896 -192 ) (-616 896 -192 ) 
4 149 150 (-664 848 -184 ) (-664 848 -168 ) (-664 896 -168 ) (-664 896 -184 ) 
4 150 182 (-1024 896 -168 ) (-1024 896 -192 ) (-1024 848 -192 ) (-1024 848 -168 ) 
4 150 161 (-712 848 -168 ) (-1024 848 -168 ) (-1024 848 -192 ) (-712 848 -192 ) 
4 150 152 (-688 848 -192 ) (-1024 848 -192 ) (-1024 896 -192 ) (-688 896 -192 ) 
4 151 160 (-304 848 -192 ) (-639.428589 848 -192 ) (-664 848 -200 ) (-304 848 -200 ) 
4 151 155 (-256 848 -200 ) (-256 848 -192 ) (-304 848 -192 ) (-304 848 -200 ) 
4 152 182 (-1024 896 -192 ) (-1024 896 -200 ) (-1024 848 -200 ) (-1024 848 -192 ) 
4 152 161 (-712 848 -192 ) (-1024 848 -192 ) (-1024 848 -200 ) (-712 848 -200 ) 
4 153 182 (-1024 848 48 ) (-1024 848 -40 ) (-1024 192 -40 ) (-1024 192 48 ) 
4 153 164 (-1024 192 -40 ) (-1024 792 -40 ) (-304 792 -40 ) (-304 192 -40 ) 
4 153 163 (-1024 792 -40 ) (-1024 840 -40 ) (-312 840 -40 ) (-312 792 -40 ) 
4 153 159 (-712 848 -40 ) (-320 848 -40 ) (-320 840 -40 ) (-712 840 -40 ) 
4 153 161 (-1024 840 -40 ) (-1024 848 -40 ) (-712 848 -40 ) (-712 840 -40 ) 
4 153 157 (-256 792 -40 ) (-256 192 -40 ) (-304 192 -40 ) (-304 792 -40 ) 
4 153 154 (-304 848 -40 ) (-256 848 -40 ) (-256 800 -40 ) (-304 800 -40 ) 
4 155 162 (-304 840 -200 ) (-304 800 -200 ) (-304 800 -88 ) (-304 840 -88 ) 
4 155 160 (-304 848 -200 ) (-304 840 -200 ) (-304 840 -152 ) (-304 848 -152 ) 
4 155 158 (-304 840 -152 ) (-304 840 -88 ) (-304 848 -88 ) (-304 848 -152 ) 
4 155 156 (-304 800 -88 ) (-304 800 -200 ) (-256 800 -200 ) (-256 800 -88 ) 
4 156 162 (-304 800 -200 ) (-304 792 -200 ) (-304 792 -88 ) (-304 800 -88 ) 
4 156 157 (-304 792 -88 ) (-304 792 -200 ) (-256 792 -200 ) (-256 792 -88 ) 
4 157 164 (-304 792 -200 ) (-304 192 -200 ) (-304 192 -40 ) (-304 792 -40 ) 
4 158 162 (-304 840 -152 ) (-304 840 -88 ) (-312 840 -88 ) (-312 840 -152 ) 
4 158 163 (-312 840 -88 ) (-320 840 -88 ) (-516.571472 840 -152 ) (-312 840 -152 ) 
4 158 160 (-304 840 -152 ) (-516.571472 840 -152 ) (-516.571472 848 -152 ) (-304 848 -152 ) 
4 159 163 (-320 840 -40 ) (-712 840 -40 ) (-712 840 -152 ) (-664 840 -152 ) 
4 159 161 (-712 840 -152 ) (-712 840 -40 ) (-712 848 -40 ) (-712 848 -152 ) 
4 160 162 (-312 840 -200 ) (-304 840 -200 ) (-304 840 -152 ) (-312 840 -152 ) 
4 160 163 (-664 840 -200 ) (-312 840 -200 ) (-312 840 -152 ) (-516.571472 840 -152 ) 
4 161 182 (-1024 840 -40 ) (-1024 848 -40 ) (-1024 848 -200 ) (-1024 840 -200 ) 
4 161 163 (-1024 840 -200 ) (-712 840 -200 ) (-712 840 -40 ) (-1024 840 -40 ) 
4 162 164 (-312 792 -200 ) (-304 792 -200 ) (-304 792 -88 ) (-312 792 -88 ) 
4 162 163 (-312 840 -88 ) (-312 840 -200 ) (-312 792 -200 ) (-312 792 -88 ) 
4 163 182 (-1024 792 -40 ) (-1024 840 -40 ) (-1024 840 -200 ) (-1024 792 -200 ) 
4 163 165 (-320 792 -200 ) (-1024 792 -200 ) (-1024 832 -200 ) (-320 832 -200 ) 
4 163 164 (-1024 792 -200 ) (-312 792 -200 ) (-312 792 -40 ) (-1024 792 -40 ) 
4 164 182 (-1024 192 -40 ) (-1024 792 -40 ) (-1024 792 -200 ) (-1024 192 -200 ) 
4 164 165 (-320 384 -200 ) (-1024 384 -200 ) (-1024 792 -200 ) (-320 792 -200 ) 
4 165 183 (-1024 384 -200 ) (-1024 832 -200 ) (-1024 832 -208 ) (-1024 384 -208 ) 
4 165 166 (-1024 384 -208 ) (-1024 832 -208 ) (-320 832 -208 ) (-320 384 -208 ) 
4 166 191 (-1024 384 -274.758636 ) (-1024 384 -272 ) (-1024 832 -272 ) (-1024 832 -274.758636 ) 
4 166 190 (-1024 384 -272 ) (-1024 384 -208 ) (-1024 832 -208 ) (-1024 832 -272 ) 
4 167 171 (-1344 1472 960 ) (-1600 1472 960 ) (-1600 1472 576 ) (-1344 1472 576 ) 
4 167 169 (-1024 1472 960 ) (-1344 1472 960 ) (-1344 1472 576 ) (-1024 1472 576 ) 
4 167 168 (-1600 1472 576 ) (-1600 1472 960 ) (-1600 1536 960 ) (-1600 1536 576 ) 
4 168 171 (-1600 1472 960 ) (-1664 1472 960 ) (-1664 1472 576 ) (-1600 1472 576 ) 
4 169 176 (-1024 1088 312 ) (-1024 1088 960 ) (-1344 1088 960 ) (-1344 1088 312 ) 
4 169 173 (-1344 1440 312 ) (-1344 1088 312 ) (-1344 1088 576 ) (-1344 1440 576 ) 
4 169 172 (-1344 1472 576 ) (-1344 1472 312 ) (-1344 1440 312 ) (-1344 1440 576 ) 
4 169 171 (-1344 1472 960 ) (-1344 1472 576 ) (-1344 1088 576 ) (-1344 1088 960 ) 
4 170 174 (-1344 1120 -64 ) (-1344 1120 287 ) (-1344 1440 287 ) (-1344 1440 -64 ) 
4 171 179 (-1664 1088 960 ) (-1664 1088 576 ) (-1600 1088 576 ) (-1600 1088 960 ) 
4 171 176 (-1600 1088 576 ) (-1344 1088 576 ) (-1344 1088 960 ) (-1600 1088 960 ) 
4 171 173 (-1344 1440 576 ) (-1344 1088 576 ) (-1600 1088 576 ) (-1600 1440 576 ) 
4 171 172 (-1600 1472 576 ) (-1344 1472 576 ) (-1344 1440 576 ) (-1600 1440 576 ) 
4 172 173 (-1344 1440 312 ) (-1344 1440 576 ) (-1600 1440 576 ) (-1600 1440 312 ) 
4 173 176 (-1344 1088 312 ) (-1344 1088 576 ) (-1600 1088 576 ) (-1600 1088 312 ) 
4 174 175 (-1568 1120 -64 ) (-1344 1120 -64 ) (-1344 1120 48 ) (-1568 1120 48 ) 
4 175 178 (-1568 1088 -64 ) (-1344 1088 -64 ) (-1344 1088 48 ) (-1568 1088 48 ) 
4 176 184 (-1312 1024 960 ) (-1600 1024 960 ) (-1600 1024 312 ) (-1312 1024 312 ) 
4 176 180 (-1024 1024 312 ) (-1024 1024 960 ) (-1312 1024 960 ) (-1312 1024 312 ) 
4 176 179 (-1600 1088 960 ) (-1600 1088 576 ) (-1600 1024 576 ) (-1600 1024 960 ) 
4 177 184 (-1312 1024 287 ) (-1600 1024 287 ) (-1600 1024 128 ) (-1312 1024 128 ) 
4 177 180 (-1024 1024 128 ) (-1024 1024 287 ) (-1312 1024 287 ) (-1312 1024 128 ) 
4 178 186 (-1344 1024 -96 ) (-1344 1024 48 ) (-1568 1024 48 ) (-1568 1024 -96 ) 
4 179 185 (-1600 1024 576 ) (-1600 1024 960 ) (-1664 1024 960 ) (-1664 1024 576 ) 
4 180 184 (-1312 1024 960 ) (-1312 1024 128 ) (-1312 896 128 ) (-1312 896 960 ) 
4 180 181 (-1312 896 960 ) (-1312 896 128 ) (-1024 896 128 ) (-1024 896 960 ) 
4 181 244 (-1280 0 960 ) (-1312 0 960 ) (-1312 0 128 ) (-1280 0 128 ) 
4 181 232 (-1184 0 960 ) (-1280 0 960 ) (-1280 0 128 ) (-1184 0 128 ) 
4 181 231 (-1024 0 128 ) (-1024 0 960 ) (-1184 0 960 ) (-1184 0 128 ) 
4 181 188 (-1312 0 128 ) (-1312 0 960 ) (-1312 512 960 ) (-1312 512 128 ) 
4 181 184 (-1312 512 960 ) (-1312 896 960 ) (-1312 896 128 ) (-1312 512 128 ) 
4 182 187 (-1312 512 -192 ) (-1312 512 48 ) (-1312 832 48 ) (-1312 832 -192 ) 
4 182 183 (-1024 832 -200 ) (-1024 384 -200 ) (-1088 384 -200 ) (-1088 832 -200 ) 
4 183 190 (-1024 832 -208 ) (-1024 384 -208 ) (-1088 384 -208 ) (-1088 832 -208 ) 
4 184 188 (-1600 512 128 ) (-1312 512 128 ) (-1312 512 960 ) (-1600 512 960 ) 
4 184 185 (-1600 512 576 ) (-1600 512 960 ) (-1600 1024 960 ) (-1600 1024 576 ) 
4 185 189 (-1664 512 960 ) (-1664 512 576 ) (-1600 512 576 ) (-1600 512 960 ) 
4 186 187 (-1344 832 48 ) (-1568 832 48 ) (-1568 832 -192 ) (-1344 832 -192 ) 
4 188 246 (-1472 0 960 ) (-1600 0 960 ) (-1600 0 128 ) (-1472 0 128 ) 
4 188 244 (-1312 0 128 ) (-1312 0 960 ) (-1472 0 960 ) (-1472 0 128 ) 
4 188 189 (-1600 0 960 ) (-1600 512 960 ) (-1600 512 576 ) (-1600 0 576 ) 
4 189 247 (-1664 0 960 ) (-1664 0 576 ) (-1600 0 576 ) (-1600 0 960 ) 
4 190 191 (-1024 384 -272 ) (-1040 384 -272 ) (-1040 832 -272 ) (-1024 832 -272 ) 
4 192 196 (1664 -736 576 ) (1664 -736 960 ) (1600 -736 960 ) (1600 -736 576 ) 
4 192 193 (1600 -736 576 ) (1600 -736 960 ) (1600 0 960 ) (1600 0 576 ) 
4 193 199 (1472 -736 128 ) (1600 -736 128 ) (1600 -736 336 ) (1472 -736 336 ) 
4 193 197 (1600 -736 336 ) (1600 -736 576 ) (1472 -736 576 ) (1472 -736 336 ) 
4 193 196 (1600 -736 576 ) (1600 -736 960 ) (1472 -736 960 ) (1472 -736 576 ) 
4 193 195 (1472 -736 330.666931 ) (1472 -736 960 ) (1472 -704 960 ) (1472 -704 330.666931 ) 
4 193 194 (1472 0 128 ) (1472 -704 128 ) (1472 -704 960 ) (1472 0 960 ) 
4 194 213 (1280 0 128 ) (1280 -704 128 ) (1280 -704 416 ) (1280 0 416 ) 
4 194 212 (1280 -704 416 ) (1280 -704 960 ) (1280 0 960 ) (1280 0 416 ) 
4 194 195 (1472 -704 330.666931 ) (1472 -704 960 ) (1280 -704 960 ) (1280 -704 394.666687 ) 
4 195 214 (1280 -736 394.666687 ) (1280 -736 416 ) (1280 -704 416 ) (1280 -704 394.666687 ) 
4 195 212 (1280 -736 416 ) (1280 -736 960 ) (1280 -704 960 ) (1280 -704 416 ) 
3 195 199 (1456 -736 336 ) (1472 -736 330.666931 ) (1472 -736 336 ) 
4 195 198 (1280 -736 576 ) (1280 -736 394.666687 ) (1344 -736 373.333435 ) (1344 -736 576 ) 
5 195 197 (1344 -736 373.333435 ) (1456 -736 336 ) (1472 -736 336 ) (1472 -736 576 ) (1344 -736 576 ) 
4 195 196 (1280 -736 960 ) (1280 -736 576 ) (1472 -736 576 ) (1472 -736 960 ) 
4 196 216 (1280 -832 576 ) (1280 -832 960 ) (1280 -736 960 ) (1280 -736 576 ) 
4 196 201 (1280 -832 960 ) (1280 -832 576 ) (1664 -832 576 ) (1664 -832 960 ) 
4 196 198 (1344 -832 576 ) (1280 -832 576 ) (1280 -736 576 ) (1344 -736 576 ) 
4 196 197 (1600 -832 576 ) (1344 -832 576 ) (1344 -736 576 ) (1600 -736 576 ) 
4 197 203 (1408 -832 352 ) (1408 -832 576 ) (1344 -832 576 ) (1344 -832 352 ) 
4 197 202 (1408 -832 336 ) (1600 -832 336 ) (1600 -832 576 ) (1408 -832 576 ) 
4 197 199 (1600 -832 336 ) (1344 -832 336 ) (1344 -736 336 ) (1600 -736 336 ) 
4 197 198 (1344 -832 352 ) (1344 -832 576 ) (1344 -736 576 ) (1344 -736 352 ) 
4 198 217 (1280 -832 352 ) (1280 -832 416 ) (1280 -736 416 ) (1280 -736 352 ) 
4 198 216 (1280 -832 416 ) (1280 -832 576 ) (1280 -736 576 ) (1280 -736 416 ) 
4 198 203 (1280 -832 576 ) (1280 -832 352 ) (1344 -832 352 ) (1344 -832 576 ) 
5 199 202 (1440 -832 128 ) (1600 -832 128 ) (1600 -832 336 ) (1408 -832 336 ) (1408 -832 147.199997 ) 
6 199 200 (1344 -832 185.600006 ) (1344 -832 308 ) (1344 -800 336 ) (1344 -768 336 ) (1344 -736 308 ) (1344 -736 185.600006 ) 
6 200 219 (1280 -832 224 ) (1280 -832 308 ) (1280 -800 336 ) (1280 -768 336 ) (1280 -736 308 ) (1280 -736 224 ) 
4 201 216 (1280 -896 576 ) (1280 -896 960 ) (1280 -832 960 ) (1280 -832 576 ) 
4 201 206 (1280 -896 960 ) (1280 -896 576 ) (1344 -896 576 ) (1344 -896 960 ) 
4 201 204 (1600 -896 576 ) (1664 -896 576 ) (1664 -896 960 ) (1600 -896 960 ) 
4 201 205 (1344 -896 576 ) (1600 -896 576 ) (1600 -896 960 ) (1344 -896 960 ) 
4 201 203 (1408 -896 576 ) (1280 -896 576 ) (1280 -832 576 ) (1408 -832 576 ) 
4 201 202 (1600 -896 576 ) (1408 -896 576 ) (1408 -832 576 ) (1600 -832 576 ) 
5 202 207 (1440 -896 128 ) (1600 -896 128 ) (1600 -896 336 ) (1408 -896 336 ) (1408 -896 147.199997 ) 
4 202 205 (1600 -896 336 ) (1600 -896 576 ) (1408 -896 576 ) (1408 -896 336 ) 
4 202 203 (1408 -896 352 ) (1408 -896 576 ) (1408 -832 576 ) (1408 -832 352 ) 
4 203 217 (1280 -896 352 ) (1280 -896 416 ) (1280 -832 416 ) (1280 -832 352 ) 
4 203 216 (1280 -896 416 ) (1280 -896 576 ) (1280 -832 576 ) (1280 -832 416 ) 
4 203 206 (1280 -896 576 ) (1280 -896 352 ) (1344 -896 352 ) (1344 -896 576 ) 
4 203 205 (1344 -896 352 ) (1408 -896 352 ) (1408 -896 576 ) (1344 -896 576 ) 
4 204 209 (1664 -992 576 ) (1664 -992 960 ) (1600 -992 960 ) (1600 -992 576 ) 
4 204 205 (1600 -992 576 ) (1600 -992 960 ) (1600 -896 960 ) (1600 -896 576 ) 
5 205 211 (1456 -992 336 ) (1472 -992 336 ) (1472 -992 576 ) (1344 -992 576 ) (1344 -992 373.333435 ) 
4 205 210 (1472 -992 336 ) (1600 -992 336 ) (1600 -992 576 ) (1472 -992 576 ) 
4 205 209 (1600 -992 576 ) (1600 -992 960 ) (1344 -992 960 ) (1344 -992 576 ) 
4 205 207 (1600 -992 336 ) (1344 -992 336 ) (1344 -896 336 ) (1600 -896 336 ) 
4 205 206 (1344 -992 352 ) (1344 -992 960 ) (1344 -896 960 ) (1344 -896 352 ) 
4 206 217 (1280 -992 352 ) (1280 -992 416 ) (1280 -896 416 ) (1280 -896 352 ) 
4 206 216 (1280 -992 416 ) (1280 -992 960 ) (1280 -896 960 ) (1280 -896 416 ) 
4 206 211 (1280 -992 576 ) (1280 -992 394.666687 ) (1344 -992 373.333405 ) (1344 -992 576 ) 
4 206 209 (1280 -992 960 ) (1280 -992 576 ) (1344 -992 576 ) (1344 -992 960 ) 
3 207 211 (1472 -992 330.666931 ) (1472 -992 336 ) (1456 -992 336 ) 
4 207 210 (1472 -992 128 ) (1600 -992 128 ) (1600 -992 336 ) (1472 -992 336 ) 
6 207 208 (1344 -992 185.600006 ) (1344 -992 308 ) (1344 -960 336 ) (1344 -928 336 ) (1344 -896 308 ) (1344 -896 185.600006 ) 
6 208 219 (1280 -992 224 ) (1280 -992 308 ) (1280 -960 336 ) (1280 -928 336 ) (1280 -896 308 ) (1280 -896 224 ) 
4 209 226 (1280 -1024 960 ) (1280 -1024 576 ) (1664 -1024 576 ) (1664 -1024 960 ) 
4 209 222 (1280 -1024 576 ) (1280 -1024 960 ) (1280 -992 960 ) (1280 -992 576 ) 
4 209 211 (1280 -1024 576 ) (1280 -992 576 ) (1472 -992 576 ) (1472 -1024 576 ) 
4 209 210 (1472 -992 576 ) (1600 -992 576 ) (1600 -1024 576 ) (1472 -1024 576 ) 
4 210 227 (1472 -1024 128 ) (1600 -1024 128 ) (1600 -1024 576 ) (1472 -1024 576 ) 
4 210 211 (1472 -1024 576 ) (1472 -992 576 ) (1472 -992 330.666901 ) (1472 -1024 330.666931 ) 
4 211 227 (1280 -1024 576 ) (1280 -1024 394.666687 ) (1472 -1024 330.666931 ) (1472 -1024 576 ) 
4 211 223 (1280 -1024 394.666656 ) (1280 -1024 416 ) (1280 -992 416 ) (1280 -992 394.666687 ) 
4 211 222 (1280 -1024 416 ) (1280 -1024 576 ) (1280 -992 576 ) (1280 -992 416 ) 
4 212 225 (1024 0 960 ) (1024 0 416 ) (1024 -736 416 ) (1024 -736 960 ) 
4 212 216 (1280 -736 416 ) (1280 -736 960 ) (1024 -736 960 ) (1024 -736 416 ) 
4 212 214 (1280 -736 416 ) (1216 -736 416 ) (1216 -704 416 ) (1280 -704 416 ) 
4 212 213 (1184 -704 416 ) (1184 0 416 ) (1280 0 416 ) (1280 -704 416 ) 
4 212 215 (1184 -736 416 ) (1024 -736 416 ) (1024 0 416 ) (1184 0 416 ) 
3 213 214 (1280 -704 394.666718 ) (1280 -704 416 ) (1216 -704 416 ) 
4 213 215 (1184 0 128 ) (1184 -704 128 ) (1184 -704 416 ) (1184 0 416 ) 
3 214 217 (1280 -736 394.666718 ) (1280 -736 416 ) (1216 -736 416 ) 
4 215 225 (1024 0 416 ) (1024 0 128 ) (1024 -736 128 ) (1024 -736 416 ) 
4 215 221 (1024 -736 128 ) (1184 -736 128 ) (1184 -736 352 ) (1024 -736 352 ) 
4 215 218 (1184 -736 352 ) (1184 -736 416 ) (1024 -736 416 ) (1024 -736 352 ) 
4 216 225 (1024 -736 960 ) (1024 -736 416 ) (1024 -992 416 ) (1024 -992 960 ) 
4 216 222 (1184 -992 416 ) (1280 -992 416 ) (1280 -992 960 ) (1184 -992 960 ) 
4 216 224 (1024 -992 960 ) (1024 -992 416 ) (1184 -992 416 ) (1184 -992 960 ) 
4 216 217 (1280 -992 416 ) (1196 -992 416 ) (1196 -736 416 ) (1280 -736 416 ) 
4 216 218 (1184 -992 416 ) (1024 -992 416 ) (1024 -736 416 ) (1184 -736 416 ) 
3 217 223 (1280 -992 394.666718 ) (1280 -992 416 ) (1216 -992 416 ) 
4 218 225 (1024 -736 416 ) (1024 -736 352 ) (1024 -992 352 ) (1024 -992 416 ) 
4 218 224 (1024 -992 416 ) (1024 -992 352 ) (1184 -992 352 ) (1184 -992 416 ) 
4 218 221 (1184 -992 352 ) (1024 -992 352 ) (1024 -736 352 ) (1184 -736 352 ) 
4 219 220 (1216 -992 268 ) (1216 -992 336 ) (1216 -736 336 ) (1216 -736 268 ) 
4 220 221 (1184 -992 268 ) (1184 -992 336 ) (1184 -736 336 ) (1184 -736 268 ) 
4 221 225 (1024 -736 352 ) (1024 -736 128 ) (1024 -992 128 ) (1024 -992 352 ) 
4 221 224 (1024 -992 352 ) (1024 -992 128 ) (1184 -992 128 ) (1184 -992 352 ) 
4 222 227 (1280 -1024 416 ) (1280 -1024 576 ) (1184 -1024 576 ) (1184 -1024 416 ) 
4 222 226 (1280 -1024 576 ) (1280 -1024 960 ) (1184 -1024 960 ) (1184 -1024 576 ) 
4 222 223 (1216 -992 416 ) (1280 -992 416 ) (1280 -1024 416 ) (1216 -1024 416 ) 
4 222 224 (1184 -1024 960 ) (1184 -992 960 ) (1184 -992 416 ) (1184 -1024 416 ) 
3 223 227 (1280 -1024 394.666718 ) (1280 -1024 416 ) (1216 -1024 416 ) 
4 224 227 (1024 -1024 576 ) (1024 -1024 128 ) (1184 -1024 128 ) (1184 -1024 576 ) 
4 224 226 (1024 -1024 960 ) (1024 -1024 576 ) (1184 -1024 576 ) (1184 -1024 960 ) 
4 224 225 (1024 -1024 128 ) (1024 -1024 960 ) (1024 -992 960 ) (1024 -992 128 ) 
4 225 230 (0 0 960 ) (0 0 128 ) (0 -1024 128 ) (0 -1024 960 ) 
4 225 228 (1024 -1024 128 ) (1024 -1024 960 ) (0 -1024 960 ) (0 -1024 128 ) 
4 226 229 (1024 -1408 576 ) (1024 -1472 576 ) (1024 -1472 960 ) (1024 -1408 960 ) 
4 226 228 (1024 -1024 960 ) (1024 -1024 576 ) (1024 -1408 576 ) (1024 -1408 960 ) 
4 226 227 (1024 -1408 576 ) (1024 -1024 576 ) (1600 -1024 576 ) (1600 -1408 576 ) 
4 227 228 (1024 -1024 576 ) (1024 -1024 128 ) (1024 -1408 128 ) (1024 -1408 576 ) 
4 228 264 (0 -1408 960 ) (0 -1024 960 ) (0 -1024 128 ) (0 -1408 128 ) 
4 228 229 (1024 -1408 576 ) (1024 -1408 960 ) (0 -1408 960 ) (0 -1408 576 ) 
4 229 265 (0 -1472 576 ) (0 -1472 960 ) (0 -1408 960 ) (0 -1408 576 ) 
4 230 264 (0 -1024 128 ) (0 -1024 960 ) (-1024 -1024 960 ) (-1024 -1024 128 ) 
4 230 242 (-1024 -992 128 ) (-1024 -1024 128 ) (-1024 -1024 416 ) (-1024 -992 416 ) 
4 230 241 (-1024 -1024 416 ) (-1024 -1024 960 ) (-1024 -992 960 ) (-1024 -992 416 ) 
4 230 238 (-1024 -736 128 ) (-1024 -992 128 ) (-1024 -992 352 ) (-1024 -736 352 ) 
4 230 236 (-1024 -992 352 ) (-1024 -992 416 ) (-1024 -736 416 ) (-1024 -736 352 ) 
4 230 235 (-1024 -992 416 ) (-1024 -992 960 ) (-1024 -736 960 ) (-1024 -736 416 ) 
4 230 231 (-1024 0 960 ) (-1024 0 128 ) (-1024 -736 128 ) (-1024 -736 960 ) 
4 231 238 (-1184 -736 128 ) (-1024 -736 128 ) (-1024 -736 352 ) (-1184 -736 352 ) 
4 231 236 (-1024 -736 352 ) (-1024 -736 416 ) (-1184 -736 416 ) (-1184 -736 352 ) 
4 231 235 (-1024 -736 416 ) (-1024 -736 960 ) (-1184 -736 960 ) (-1184 -736 416 ) 
4 231 233 (-1184 -736 416 ) (-1184 -736 960 ) (-1184 -704 960 ) (-1184 -704 416 ) 
4 231 232 (-1184 0 128 ) (-1184 -704 128 ) (-1184 -704 960 ) (-1184 0 960 ) 
4 232 244 (-1280 0 128 ) (-1280 -704 128 ) (-1280 -704 960 ) (-1280 0 960 ) 
3 232 234 (-1216 -704 416 ) (-1280 -704 416 ) (-1280 -704 394.666718 ) 
4 232 233 (-1184 -704 416 ) (-1184 -704 960 ) (-1280 -704 960 ) (-1280 -704 416 ) 
4 233 245 (-1280 -736 416 ) (-1280 -736 960 ) (-1280 -704 960 ) (-1280 -704 416 ) 
4 233 235 (-1280 -736 960 ) (-1280 -736 416 ) (-1184 -736 416 ) (-1184 -736 960 ) 
4 233 234 (-1280 -704 416 ) (-1216 -704 416 ) (-1216 -736 416 ) (-1280 -736 416 ) 
4 234 245 (-1280 -736 394.666718 ) (-1280 -736 416 ) (-1280 -704 416 ) (-1280 -704 394.666718 ) 
3 234 237 (-1280 -736 416 ) (-1280 -736 394.666718 ) (-1216 -736 416 ) 
4 235 256 (-1280 -992 416 ) (-1280 -992 960 ) (-1280 -896 960 ) (-1280 -896 416 ) 
4 235 254 (-1280 -832 576 ) (-1280 -832 416 ) (-1280 -896 416 ) (-1280 -896 576 ) 
4 235 253 (-1280 -896 960 ) (-1280 -832 960 ) (-1280 -832 576 ) (-1280 -896 576 ) 
4 235 249 (-1280 -736 576 ) (-1280 -736 416 ) (-1280 -832 416 ) (-1280 -832 576 ) 
4 235 248 (-1280 -832 960 ) (-1280 -736 960 ) (-1280 -736 576 ) (-1280 -832 576 ) 
4 235 241 (-1280 -992 960 ) (-1280 -992 416 ) (-1024 -992 416 ) (-1024 -992 960 ) 
4 235 236 (-1024 -992 416 ) (-1184 -992 416 ) (-1184 -736 416 ) (-1024 -736 416 ) 
4 235 237 (-1196 -992 416 ) (-1280 -992 416 ) (-1280 -736 416 ) (-1196 -736 416 ) 
4 236 242 (-1184 -992 352 ) (-1024 -992 352 ) (-1024 -992 416 ) (-1184 -992 416 ) 
4 236 238 (-1024 -992 352 ) (-1184 -992 352 ) (-1184 -736 352 ) (-1024 -736 352 ) 
4 237 256 (-1280 -992 352 ) (-1280 -992 416 ) (-1280 -896 416 ) (-1280 -896 352 ) 
4 237 254 (-1280 -896 416 ) (-1280 -832 416 ) (-1280 -832 352 ) (-1280 -896 352 ) 
4 237 249 (-1280 -832 416 ) (-1280 -736 416 ) (-1280 -736 352 ) (-1280 -832 352 ) 
3 237 243 (-1280 -992 416 ) (-1280 -992 394.666718 ) (-1216 -992 416 ) 
4 238 242 (-1184 -992 128 ) (-1024 -992 128 ) (-1024 -992 352 ) (-1184 -992 352 ) 
4 238 239 (-1184 -992 268 ) (-1184 -992 336 ) (-1184 -736 336 ) (-1184 -736 268 ) 
4 239 240 (-1216 -992 268 ) (-1216 -992 336 ) (-1216 -736 336 ) (-1216 -736 268 ) 
6 240 259 (-1280 -992 224 ) (-1280 -992 308 ) (-1280 -960 336 ) (-1280 -928 336 ) (-1280 -896 308 ) (-1280 -896 224 ) 
6 240 251 (-1280 -800 336 ) (-1280 -768 336 ) (-1280 -736 308 ) (-1280 -736 224 ) (-1280 -832 224 ) (-1280 -832 308 ) 
4 241 266 (-1024 -1024 416 ) (-1024 -1024 960 ) (-1280 -1024 960 ) (-1280 -1024 416 ) 
4 241 262 (-1280 -1024 416 ) (-1280 -1024 576 ) (-1280 -992 576 ) (-1280 -992 416 ) 
4 241 261 (-1280 -1024 576 ) (-1280 -1024 960 ) (-1280 -992 960 ) (-1280 -992 576 ) 
4 241 243 (-1280 -1024 416 ) (-1280 -992 416 ) (-1216 -992 416 ) (-1216 -1024 416 ) 
4 241 242 (-1184 -992 416 ) (-1024 -992 416 ) (-1024 -1024 416 ) (-1184 -1024 416 ) 
4 242 266 (-1024 -1024 128 ) (-1024 -1024 416 ) (-1184 -1024 416 ) (-1184 -1024 128 ) 
3 243 266 (-1216 -1024 416 ) (-1280 -1024 416 ) (-1280 -1024 394.666718 ) 
4 243 262 (-1280 -1024 394.666718 ) (-1280 -1024 416 ) (-1280 -992 416 ) (-1280 -992 394.666718 ) 
4 244 246 (-1472 0 128 ) (-1472 -704 128 ) (-1472 -704 960 ) (-1472 0 960 ) 
4 244 245 (-1472 -704 960 ) (-1472 -704 330.666931 ) (-1280 -704 394.666687 ) (-1280 -704 960 ) 
3 245 252 (-1472 -736 336 ) (-1472 -736 330.666931 ) (-1456 -736 336 ) 
4 245 249 (-1280 -736 394.666687 ) (-1280 -736 576 ) (-1344 -736 576 ) (-1344 -736 373.333435 ) 
5 245 250 (-1344 -736 576 ) (-1472 -736 576 ) (-1472 -736 336 ) (-1456 -736 336 ) (-1344 -736 373.333435 ) 
4 245 248 (-1280 -736 576 ) (-1280 -736 960 ) (-1472 -736 960 ) (-1472 -736 576 ) 
4 245 246 (-1472 -736 330.666931 ) (-1472 -736 960 ) (-1472 -704 960 ) (-1472 -704 330.666931 ) 
4 246 252 (-1600 -736 128 ) (-1472 -736 128 ) (-1472 -736 336 ) (-1600 -736 336 ) 
4 246 250 (-1472 -736 336 ) (-1472 -736 576 ) (-1600 -736 576 ) (-1600 -736 336 ) 
4 246 248 (-1472 -736 576 ) (-1472 -736 960 ) (-1600 -736 960 ) (-1600 -736 576 ) 
4 246 247 (-1600 -736 576 ) (-1600 -736 960 ) (-1600 0 960 ) (-1600 0 576 ) 
4 247 248 (-1664 -736 960 ) (-1664 -736 576 ) (-1600 -736 576 ) (-1600 -736 960 ) 
4 248 253 (-1664 -832 960 ) (-1664 -832 576 ) (-1280 -832 576 ) (-1280 -832 960 ) 
4 248 249 (-1280 -832 576 ) (-1344 -832 576 ) (-1344 -736 576 ) (-1280 -736 576 ) 
4 248 250 (-1344 -832 576 ) (-1600 -832 576 ) (-1600 -736 576 ) (-1344 -736 576 ) 
4 249 254 (-1280 -832 352 ) (-1280 -832 576 ) (-1344 -832 576 ) (-1344 -832 352 ) 
4 249 250 (-1344 -832 352 ) (-1344 -832 576 ) (-1344 -736 576 ) (-1344 -736 352 ) 
4 250 254 (-1344 -832 352 ) (-1344 -832 576 ) (-1408 -832 576 ) (-1408 -832 352 ) 
4 250 255 (-1600 -832 336 ) (-1408 -832 336 ) (-1408 -832 576 ) (-1600 -832 576 ) 
4 250 252 (-1344 -832 336 ) (-1600 -832 336 ) (-1600 -736 336 ) (-1344 -736 336 ) 
6 251 252 (-1344 -832 185.600006 ) (-1344 -832 308 ) (-1344 -800 336 ) (-1344 -768 336 ) (-1344 -736 308 ) (-1344 -736 185.600006 ) 
5 252 255 (-1600 -832 128 ) (-1440 -832 128 ) (-1408 -832 147.199997 ) (-1408 -832 336 ) (-1600 -832 336 ) 
4 253 258 (-1664 -896 960 ) (-1664 -896 576 ) (-1600 -896 576 ) (-1600 -896 960 ) 
4 253 257 (-1600 -896 576 ) (-1344 -896 576 ) (-1344 -896 960 ) (-1600 -896 960 ) 
4 253 256 (-1344 -896 576 ) (-1280 -896 576 ) (-1280 -896 960 ) (-1344 -896 960 ) 
4 253 254 (-1280 -896 576 ) (-1408 -896 576 ) (-1408 -832 576 ) (-1280 -832 576 ) 
4 253 255 (-1408 -896 576 ) (-1600 -896 576 ) (-1600 -832 576 ) (-1408 -832 576 ) 
4 254 257 (-1344 -896 576 ) (-1408 -896 576 ) (-1408 -896 352 ) (-1344 -896 352 ) 
4 254 256 (-1280 -896 352 ) (-1280 -896 576 ) (-1344 -896 576 ) (-1344 -896 352 ) 
4 254 255 (-1408 -896 352 ) (-1408 -896 576 ) (-1408 -832 576 ) (-1408 -832 352 ) 
5 255 260 (-1600 -896 128 ) (-1440 -896 128 ) (-1408 -896 147.200012 ) (-1408 -896 336 ) (-1600 -896 336 ) 
4 255 257 (-1408 -896 336 ) (-1408 -896 576 ) (-1600 -896 576 ) (-1600 -896 336 ) 
4 256 262 (-1280 -992 394.666687 ) (-1280 -992 576 ) (-1344 -992 576 ) (-1344 -992 373.333405 ) 
4 256 261 (-1280 -992 576 ) (-1280 -992 960 ) (-1344 -992 960 ) (-1344 -992 576 ) 
4 256 257 (-1344 -992 352 ) (-1344 -992 960 ) (-1344 -896 960 ) (-1344 -896 352 ) 
5 257 262 (-1472 -992 336 ) (-1456 -992 336 ) (-1344 -992 373.333405 ) (-1344 -992 576 ) (-1472 -992 576 ) 
4 257 263 (-1600 -992 336 ) (-1472 -992 336 ) (-1472 -992 576 ) (-1600 -992 576 ) 
4 257 261 (-1344 -992 576 ) (-1344 -992 960 ) (-1600 -992 960 ) (-1600 -992 576 ) 
4 257 260 (-1344 -992 336 ) (-1600 -992 336 ) (-1600 -896 336 ) (-1344 -896 336 ) 
4 257 258 (-1600 -992 576 ) (-1600 -992 960 ) (-1600 -896 960 ) (-1600 -896 576 ) 
4 258 261 (-1664 -992 960 ) (-1664 -992 576 ) (-1600 -992 576 ) (-1600 -992 960 ) 
6 259 260 (-1344 -992 185.600006 ) (-1344 -992 308 ) (-1344 -960 336 ) (-1344 -928 336 ) (-1344 -896 308 ) (-1344 -896 185.600006 ) 
3 260 262 (-1456 -992 336 ) (-1472 -992 336 ) (-1472 -992 330.666931 ) 
4 260 263 (-1600 -992 128 ) (-1472 -992 128 ) (-1472 -992 336 ) (-1600 -992 336 ) 
4 261 268 (-1664 -1024 960 ) (-1664 -1024 576 ) (-1600 -1024 576 ) (-1600 -1024 960 ) 
4 261 266 (-1600 -1024 576 ) (-1280 -1024 576 ) (-1280 -1024 960 ) (-1600 -1024 960 ) 
4 261 262 (-1472 -992 576 ) (-1280 -992 576 ) (-1280 -1024 576 ) (-1472 -1024 576 ) 
4 261 263 (-1600 -992 576 ) (-1472 -992 576 ) (-1472 -1024 576 ) (-1600 -1024 576 ) 
4 262 266 (-1280 -1024 394.666656 ) (-1280 -1024 576 ) (-1472 -1024 576 ) (-1472 -1024 330.666901 ) 
4 262 263 (-1472 -1024 576 ) (-1472 -992 576 ) (-1472 -992 330.666901 ) (-1472 -1024 330.666931 ) 
4 263 266 (-1600 -1024 128 ) (-1472 -1024 128 ) (-1472 -1024 576 ) (-1600 -1024 576 ) 
4 264 266 (-1024 -1024 960 ) (-1024 -1024 128 ) (-1024 -1408 128 ) (-1024 -1408 960 ) 
4 264 265 (0 -1408 576 ) (0 -1408 960 ) (-1024 -1408 960 ) (-1024 -1408 576 ) 
4 265 267 (-1024 -1472 576 ) (-1024 -1472 960 ) (-1024 -1408 960 ) (-1024 -1408 576 ) 
4 266 268 (-1600 -1408 576 ) (-1600 -1408 960 ) (-1600 -1024 960 ) (-1600 -1024 576 ) 
4 266 267 (-1600 -1408 960 ) (-1600 -1408 576 ) (-1024 -1408 576 ) (-1024 -1408 960 ) 
4 267 268 (-1600 -1472 576 ) (-1600 -1472 960 ) (-1600 -1408 960 ) (-1600 -1408 576 ) 
